2020-08-12 07:41:32 [-][-][-][error][yii\base\InvalidArgumentException] yii\base\InvalidArgumentException: Invalid path alias: @console/controllers in /Users/hogin/vue/photo-album/vendor/yiisoft/yii2/BaseYii.php:154
Stack trace:
#0 /Users/hogin/vue/photo-album/vendor/yiisoft/yii2/base/Module.php(257): yii\BaseYii::getAlias('@console/contro...')
#1 /Users/hogin/vue/photo-album/vendor/yiisoft/yii2/console/controllers/HelpController.php(245): yii\base\Module->getControllerPath()
#2 /Users/hogin/vue/photo-album/vendor/yiisoft/yii2/console/controllers/HelpController.php(172): yii\console\controllers\HelpController->getModuleCommands(Object(yii\console\Application))
#3 /Users/hogin/vue/photo-album/vendor/yiisoft/yii2/console/controllers/HelpController.php(192): yii\console\controllers\HelpController->getCommands()
#4 /Users/hogin/vue/photo-album/vendor/yiisoft/yii2/console/controllers/HelpController.php(292): yii\console\controllers\HelpController->getCommandDescriptions()
#5 /Users/hogin/vue/photo-album/vendor/yiisoft/yii2/console/controllers/HelpController.php(67): yii\console\controllers\HelpController->getDefaultHelp()
#6 [internal function]: yii\console\controllers\HelpController->actionIndex(NULL)
#7 /Users/hogin/vue/photo-album/vendor/yiisoft/yii2/base/InlineAction.php(57): call_user_func_array(Array, Array)
#8 /Users/hogin/vue/photo-album/vendor/yiisoft/yii2/base/Controller.php(180): yii\base\InlineAction->runWithParams(Array)
#9 /Users/hogin/vue/photo-album/vendor/yiisoft/yii2/console/Controller.php(181): yii\base\Controller->runAction('', Array)
#10 /Users/hogin/vue/photo-album/vendor/yiisoft/yii2/base/Module.php(528): yii\console\Controller->runAction('', Array)
#11 /Users/hogin/vue/photo-album/vendor/yiisoft/yii2/console/Application.php(180): yii\base\Module->runAction('', Array)
#12 /Users/hogin/vue/photo-album/vendor/yiisoft/yii2/console/Application.php(147): yii\console\Application->runAction('', Array)
#13 /Users/hogin/vue/photo-album/vendor/yiisoft/yii2/base/Application.php(386): yii\console\Application->handleRequest(Object(yii\console\Request))
#14 /Users/hogin/vue/photo-album/yii(24): yii\base\Application->run()
#15 {main}
2020-08-12 07:41:32 [-][-][-][info][application] $_GET = []

$_POST = []

$_FILES = []

$_COOKIE = []

$_SERVER = [
    'NVM_CD_FLAGS' => ''
    'TERM' => 'xterm-256color'
    'SHELL' => '/bin/bash'
    'TMPDIR' => '/var/folders/pg/1wz56c5n3j55qmtqs6yw1jq40000gn/T/'
    'NVM_DIR' => '/Users/hogin/.nvm'
    'USER' => 'hogin'
    'SSH_AUTH_SOCK' => '/private/tmp/com.apple.launchd.qqG7z2fIxv/Listeners'
    '__CF_USER_TEXT_ENCODING' => '0x1F5:0x19:0x34'
    'PATH' => '/usr/local/opt/m4/bin:/Users/hogin/.nvm/versions/node/v10.15.0/bin:/Library/Frameworks/Python.framework/Versions/3.6/bin:/Library/Java/JavaVirtualMachines/jdk-13.0.1.jdk/Contents/Home/bin:/Users/hogin/Library/Python/3.6/bin:/usr/local/sbin:/usr/local/bin:/usr/bin:/bin:/usr/sbin:/sbin:/usr/local/mysql/bin:/usr/local/opt/mysql@5.6/bin'
    'PWD' => '/Users/hogin/vue/photo-album'
    'JAVA_HOME' => '/Library/Java/JavaVirtualMachines/jdk-13.0.1.jdk/Contents/Home'
    'XPC_FLAGS' => '0x0'
    'XPC_SERVICE_NAME' => '0'
    'SHLVL' => '1'
    'HOME' => '/Users/hogin'
    'LOGNAME' => 'hogin'
    'LC_CTYPE' => 'zh_CN.UTF-8'
    'NVM_BIN' => '/Users/hogin/.nvm/versions/node/v10.15.0/bin'
    '_' => './yii'
    'PHP_SELF' => './yii'
    'SCRIPT_NAME' => './yii'
    'SCRIPT_FILENAME' => './yii'
    'PATH_TRANSLATED' => './yii'
    'DOCUMENT_ROOT' => ''
    'REQUEST_TIME_FLOAT' => 1597218092.1939
    'REQUEST_TIME' => 1597218092
    'argv' => [
        0 => './yii'
    ]
    'argc' => 1
]
2020-08-12 07:42:57 [-][-][-][error][yii\base\InvalidArgumentException] yii\base\InvalidArgumentException: Invalid path alias: @console/controllers in /Users/hogin/vue/photo-album/vendor/yiisoft/yii2/BaseYii.php:154
Stack trace:
#0 /Users/hogin/vue/photo-album/vendor/yiisoft/yii2/base/Module.php(257): yii\BaseYii::getAlias('@console/contro...')
#1 /Users/hogin/vue/photo-album/vendor/yiisoft/yii2/console/controllers/HelpController.php(245): yii\base\Module->getControllerPath()
#2 /Users/hogin/vue/photo-album/vendor/yiisoft/yii2/console/controllers/HelpController.php(172): yii\console\controllers\HelpController->getModuleCommands(Object(yii\console\Application))
#3 /Users/hogin/vue/photo-album/vendor/yiisoft/yii2/console/controllers/HelpController.php(192): yii\console\controllers\HelpController->getCommands()
#4 /Users/hogin/vue/photo-album/vendor/yiisoft/yii2/console/controllers/HelpController.php(292): yii\console\controllers\HelpController->getCommandDescriptions()
#5 /Users/hogin/vue/photo-album/vendor/yiisoft/yii2/console/controllers/HelpController.php(67): yii\console\controllers\HelpController->getDefaultHelp()
#6 [internal function]: yii\console\controllers\HelpController->actionIndex(NULL)
#7 /Users/hogin/vue/photo-album/vendor/yiisoft/yii2/base/InlineAction.php(57): call_user_func_array(Array, Array)
#8 /Users/hogin/vue/photo-album/vendor/yiisoft/yii2/base/Controller.php(180): yii\base\InlineAction->runWithParams(Array)
#9 /Users/hogin/vue/photo-album/vendor/yiisoft/yii2/console/Controller.php(181): yii\base\Controller->runAction('', Array)
#10 /Users/hogin/vue/photo-album/vendor/yiisoft/yii2/base/Module.php(528): yii\console\Controller->runAction('', Array)
#11 /Users/hogin/vue/photo-album/vendor/yiisoft/yii2/console/Application.php(180): yii\base\Module->runAction('', Array)
#12 /Users/hogin/vue/photo-album/vendor/yiisoft/yii2/console/Application.php(147): yii\console\Application->runAction('', Array)
#13 /Users/hogin/vue/photo-album/vendor/yiisoft/yii2/base/Application.php(386): yii\console\Application->handleRequest(Object(yii\console\Request))
#14 /Users/hogin/vue/photo-album/yii(24): yii\base\Application->run()
#15 {main}
2020-08-12 07:42:57 [-][-][-][info][application] $_GET = []

$_POST = []

$_FILES = []

$_COOKIE = []

$_SERVER = [
    'NVM_CD_FLAGS' => ''
    'TERM' => 'xterm-256color'
    'SHELL' => '/bin/bash'
    'TMPDIR' => '/var/folders/pg/1wz56c5n3j55qmtqs6yw1jq40000gn/T/'
    'NVM_DIR' => '/Users/hogin/.nvm'
    'USER' => 'hogin'
    'SSH_AUTH_SOCK' => '/private/tmp/com.apple.launchd.qqG7z2fIxv/Listeners'
    '__CF_USER_TEXT_ENCODING' => '0x1F5:0x19:0x34'
    'PATH' => '/usr/local/opt/m4/bin:/Users/hogin/.nvm/versions/node/v10.15.0/bin:/Library/Frameworks/Python.framework/Versions/3.6/bin:/Library/Java/JavaVirtualMachines/jdk-13.0.1.jdk/Contents/Home/bin:/Users/hogin/Library/Python/3.6/bin:/usr/local/sbin:/usr/local/bin:/usr/bin:/bin:/usr/sbin:/sbin:/usr/local/mysql/bin:/usr/local/opt/mysql@5.6/bin'
    'PWD' => '/Users/hogin/vue/photo-album'
    'JAVA_HOME' => '/Library/Java/JavaVirtualMachines/jdk-13.0.1.jdk/Contents/Home'
    'XPC_FLAGS' => '0x0'
    'XPC_SERVICE_NAME' => '0'
    'SHLVL' => '1'
    'HOME' => '/Users/hogin'
    'LOGNAME' => 'hogin'
    'LC_CTYPE' => 'zh_CN.UTF-8'
    'NVM_BIN' => '/Users/hogin/.nvm/versions/node/v10.15.0/bin'
    '_' => './yii'
    'PHP_SELF' => './yii'
    'SCRIPT_NAME' => './yii'
    'SCRIPT_FILENAME' => './yii'
    'PATH_TRANSLATED' => './yii'
    'DOCUMENT_ROOT' => ''
    'REQUEST_TIME_FLOAT' => 1597218177.7021
    'REQUEST_TIME' => 1597218177
    'argv' => [
        0 => './yii'
    ]
    'argc' => 1
]
2020-08-12 07:43:38 [-][-][-][error][yii\base\InvalidArgumentException] yii\base\InvalidArgumentException: Invalid path alias: @console/commands in /Users/hogin/vue/photo-album/vendor/yiisoft/yii2/BaseYii.php:154
Stack trace:
#0 /Users/hogin/vue/photo-album/vendor/yiisoft/yii2/base/Module.php(257): yii\BaseYii::getAlias('@console/comman...')
#1 /Users/hogin/vue/photo-album/vendor/yiisoft/yii2/console/controllers/HelpController.php(245): yii\base\Module->getControllerPath()
#2 /Users/hogin/vue/photo-album/vendor/yiisoft/yii2/console/controllers/HelpController.php(172): yii\console\controllers\HelpController->getModuleCommands(Object(yii\console\Application))
#3 /Users/hogin/vue/photo-album/vendor/yiisoft/yii2/console/controllers/HelpController.php(192): yii\console\controllers\HelpController->getCommands()
#4 /Users/hogin/vue/photo-album/vendor/yiisoft/yii2/console/controllers/HelpController.php(292): yii\console\controllers\HelpController->getCommandDescriptions()
#5 /Users/hogin/vue/photo-album/vendor/yiisoft/yii2/console/controllers/HelpController.php(67): yii\console\controllers\HelpController->getDefaultHelp()
#6 [internal function]: yii\console\controllers\HelpController->actionIndex(NULL)
#7 /Users/hogin/vue/photo-album/vendor/yiisoft/yii2/base/InlineAction.php(57): call_user_func_array(Array, Array)
#8 /Users/hogin/vue/photo-album/vendor/yiisoft/yii2/base/Controller.php(180): yii\base\InlineAction->runWithParams(Array)
#9 /Users/hogin/vue/photo-album/vendor/yiisoft/yii2/console/Controller.php(181): yii\base\Controller->runAction('', Array)
#10 /Users/hogin/vue/photo-album/vendor/yiisoft/yii2/base/Module.php(528): yii\console\Controller->runAction('', Array)
#11 /Users/hogin/vue/photo-album/vendor/yiisoft/yii2/console/Application.php(180): yii\base\Module->runAction('', Array)
#12 /Users/hogin/vue/photo-album/vendor/yiisoft/yii2/console/Application.php(147): yii\console\Application->runAction('', Array)
#13 /Users/hogin/vue/photo-album/vendor/yiisoft/yii2/base/Application.php(386): yii\console\Application->handleRequest(Object(yii\console\Request))
#14 /Users/hogin/vue/photo-album/yii(24): yii\base\Application->run()
#15 {main}
2020-08-12 07:43:38 [-][-][-][info][application] $_GET = []

$_POST = []

$_FILES = []

$_COOKIE = []

$_SERVER = [
    'NVM_CD_FLAGS' => ''
    'TERM' => 'xterm-256color'
    'SHELL' => '/bin/bash'
    'TMPDIR' => '/var/folders/pg/1wz56c5n3j55qmtqs6yw1jq40000gn/T/'
    'NVM_DIR' => '/Users/hogin/.nvm'
    'USER' => 'hogin'
    'SSH_AUTH_SOCK' => '/private/tmp/com.apple.launchd.qqG7z2fIxv/Listeners'
    '__CF_USER_TEXT_ENCODING' => '0x1F5:0x19:0x34'
    'PATH' => '/usr/local/opt/m4/bin:/Users/hogin/.nvm/versions/node/v10.15.0/bin:/Library/Frameworks/Python.framework/Versions/3.6/bin:/Library/Java/JavaVirtualMachines/jdk-13.0.1.jdk/Contents/Home/bin:/Users/hogin/Library/Python/3.6/bin:/usr/local/sbin:/usr/local/bin:/usr/bin:/bin:/usr/sbin:/sbin:/usr/local/mysql/bin:/usr/local/opt/mysql@5.6/bin'
    'PWD' => '/Users/hogin/vue/photo-album'
    'JAVA_HOME' => '/Library/Java/JavaVirtualMachines/jdk-13.0.1.jdk/Contents/Home'
    'XPC_FLAGS' => '0x0'
    'XPC_SERVICE_NAME' => '0'
    'SHLVL' => '1'
    'HOME' => '/Users/hogin'
    'LOGNAME' => 'hogin'
    'LC_CTYPE' => 'zh_CN.UTF-8'
    'NVM_BIN' => '/Users/hogin/.nvm/versions/node/v10.15.0/bin'
    '_' => './yii'
    'PHP_SELF' => './yii'
    'SCRIPT_NAME' => './yii'
    'SCRIPT_FILENAME' => './yii'
    'PATH_TRANSLATED' => './yii'
    'DOCUMENT_ROOT' => ''
    'REQUEST_TIME_FLOAT' => 1597218218.8353
    'REQUEST_TIME' => 1597218218
    'argv' => [
        0 => './yii'
    ]
    'argc' => 1
]
2020-08-12 07:49:53 [-][-][-][error][yii\base\ViewNotFoundException] yii\base\ViewNotFoundException: The view file does not exist: /Users/hogin/vue/photo-album/console/views/migration.php in /Users/hogin/vue/photo-album/vendor/yiisoft/yii2/base/View.php:233
Stack trace:
#0 /Users/hogin/vue/photo-album/vendor/yiisoft/yii2/base/Controller.php(452): yii\base\View->renderFile('/Users/hogin/vu...', Array, Object(yii\console\controllers\MigrateController))
#1 /Users/hogin/vue/photo-album/vendor/yiisoft/yii2/console/controllers/MigrateController.php(504): yii\base\Controller->renderFile('/Users/hogin/vu...', Array)
#2 /Users/hogin/vue/photo-album/vendor/yiisoft/yii2/console/controllers/BaseMigrateController.php(647): yii\console\controllers\MigrateController->generateMigrationSourceCode(Array)
#3 [internal function]: yii\console\controllers\BaseMigrateController->actionCreate('test')
#4 /Users/hogin/vue/photo-album/vendor/yiisoft/yii2/base/InlineAction.php(57): call_user_func_array(Array, Array)
#5 /Users/hogin/vue/photo-album/vendor/yiisoft/yii2/base/Controller.php(180): yii\base\InlineAction->runWithParams(Array)
#6 /Users/hogin/vue/photo-album/vendor/yiisoft/yii2/console/Controller.php(181): yii\base\Controller->runAction('create', Array)
#7 /Users/hogin/vue/photo-album/vendor/yiisoft/yii2/base/Module.php(528): yii\console\Controller->runAction('create', Array)
#8 /Users/hogin/vue/photo-album/vendor/yiisoft/yii2/console/Application.php(180): yii\base\Module->runAction('migrate/create', Array)
#9 /Users/hogin/vue/photo-album/vendor/yiisoft/yii2/console/Application.php(147): yii\console\Application->runAction('migrate/create', Array)
#10 /Users/hogin/vue/photo-album/vendor/yiisoft/yii2/base/Application.php(386): yii\console\Application->handleRequest(Object(yii\console\Request))
#11 /Users/hogin/vue/photo-album/yii(24): yii\base\Application->run()
#12 {main}
2020-08-12 07:49:52 [-][-][-][info][application] $_GET = []

$_POST = []

$_FILES = []

$_COOKIE = []

$_SERVER = [
    'NVM_CD_FLAGS' => ''
    'TERM' => 'xterm-256color'
    'SHELL' => '/bin/bash'
    'TMPDIR' => '/var/folders/pg/1wz56c5n3j55qmtqs6yw1jq40000gn/T/'
    'NVM_DIR' => '/Users/hogin/.nvm'
    'USER' => 'hogin'
    'SSH_AUTH_SOCK' => '/private/tmp/com.apple.launchd.qqG7z2fIxv/Listeners'
    '__CF_USER_TEXT_ENCODING' => '0x1F5:0x19:0x34'
    'PATH' => '/usr/local/opt/m4/bin:/Users/hogin/.nvm/versions/node/v10.15.0/bin:/Library/Frameworks/Python.framework/Versions/3.6/bin:/Library/Java/JavaVirtualMachines/jdk-13.0.1.jdk/Contents/Home/bin:/Users/hogin/Library/Python/3.6/bin:/usr/local/sbin:/usr/local/bin:/usr/bin:/bin:/usr/sbin:/sbin:/usr/local/mysql/bin:/usr/local/opt/mysql@5.6/bin'
    'PWD' => '/Users/hogin/vue/photo-album'
    'JAVA_HOME' => '/Library/Java/JavaVirtualMachines/jdk-13.0.1.jdk/Contents/Home'
    'XPC_FLAGS' => '0x0'
    'XPC_SERVICE_NAME' => '0'
    'SHLVL' => '1'
    'HOME' => '/Users/hogin'
    'LOGNAME' => 'hogin'
    'LC_CTYPE' => 'zh_CN.UTF-8'
    'NVM_BIN' => '/Users/hogin/.nvm/versions/node/v10.15.0/bin'
    '_' => './yii'
    'PHP_SELF' => './yii'
    'SCRIPT_NAME' => './yii'
    'SCRIPT_FILENAME' => './yii'
    'PATH_TRANSLATED' => './yii'
    'DOCUMENT_ROOT' => ''
    'REQUEST_TIME_FLOAT' => 1597218592.5908
    'REQUEST_TIME' => 1597218592
    'argv' => [
        0 => './yii'
        1 => 'migrate/create'
        2 => 'test'
    ]
    'argc' => 3
]
2020-08-12 07:58:54 [-][-][-][error][yii\base\ErrorException:1] yii\base\ErrorException: Class 'console\libraries\db\Migration' not found in /Users/hogin/vue/photo-album/console/migrations/m200812_075431_test.php:5
Stack trace:
#0 /Users/hogin/vue/photo-album/vendor/yiisoft/yii2/base/ErrorHandler.php(0): yii\console\ErrorHandler->handleFatalError()
#1 /Users/hogin/vue/photo-album/vendor/yiisoft/yii2/console/controllers/BaseMigrateController.php(804): yii\console\controllers\MigrateController->unknown()
#2 /Users/hogin/vue/photo-album/vendor/yiisoft/yii2/console/controllers/MigrateController.php(197): yii\console\controllers\MigrateController->includeMigrationFile()
#3 /Users/hogin/vue/photo-album/vendor/yiisoft/yii2/console/controllers/BaseMigrateController.php(726): yii\console\controllers\MigrateController->createMigration()
#4 /Users/hogin/vue/photo-album/vendor/yiisoft/yii2/console/controllers/BaseMigrateController.php(202): yii\console\controllers\MigrateController->migrateUp()
#5 /Users/hogin/vue/photo-album/vendor/yiisoft/yii2/base/InlineAction.php(57): yii\console\controllers\MigrateController->actionUp()
#6 /Users/hogin/vue/photo-album/vendor/yiisoft/yii2/base/InlineAction.php(57): ::call_user_func_array:{/Users/hogin/vue/photo-album/vendor/yiisoft/yii2/base/InlineAction.php:57}()
#7 /Users/hogin/vue/photo-album/vendor/yiisoft/yii2/base/Controller.php(180): yii\base\InlineAction->runWithParams()
#8 /Users/hogin/vue/photo-album/vendor/yiisoft/yii2/console/Controller.php(181): yii\console\controllers\MigrateController->runAction()
#9 /Users/hogin/vue/photo-album/vendor/yiisoft/yii2/base/Module.php(528): yii\console\controllers\MigrateController->runAction()
#10 /Users/hogin/vue/photo-album/vendor/yiisoft/yii2/console/Application.php(180): yii\console\Application->runAction()
#11 /Users/hogin/vue/photo-album/vendor/yiisoft/yii2/console/Application.php(147): yii\console\Application->runAction()
#12 /Users/hogin/vue/photo-album/vendor/yiisoft/yii2/base/Application.php(386): yii\console\Application->handleRequest()
#13 /Users/hogin/vue/photo-album/yii(24): yii\console\Application->run()
#14 {main}
2020-08-12 07:58:53 [-][-][-][info][application] $_GET = []

$_POST = []

$_FILES = []

$_COOKIE = []

$_SERVER = [
    'NVM_CD_FLAGS' => ''
    'TERM' => 'xterm-256color'
    'SHELL' => '/bin/bash'
    'TMPDIR' => '/var/folders/pg/1wz56c5n3j55qmtqs6yw1jq40000gn/T/'
    'NVM_DIR' => '/Users/hogin/.nvm'
    'USER' => 'hogin'
    'SSH_AUTH_SOCK' => '/private/tmp/com.apple.launchd.qqG7z2fIxv/Listeners'
    '__CF_USER_TEXT_ENCODING' => '0x1F5:0x19:0x34'
    'PATH' => '/usr/local/opt/m4/bin:/Users/hogin/.nvm/versions/node/v10.15.0/bin:/Library/Frameworks/Python.framework/Versions/3.6/bin:/Library/Java/JavaVirtualMachines/jdk-13.0.1.jdk/Contents/Home/bin:/Users/hogin/Library/Python/3.6/bin:/usr/local/sbin:/usr/local/bin:/usr/bin:/bin:/usr/sbin:/sbin:/usr/local/mysql/bin:/usr/local/opt/mysql@5.6/bin'
    'PWD' => '/Users/hogin/vue/photo-album'
    'JAVA_HOME' => '/Library/Java/JavaVirtualMachines/jdk-13.0.1.jdk/Contents/Home'
    'XPC_FLAGS' => '0x0'
    'XPC_SERVICE_NAME' => '0'
    'SHLVL' => '1'
    'HOME' => '/Users/hogin'
    'LOGNAME' => 'hogin'
    'LC_CTYPE' => 'zh_CN.UTF-8'
    'NVM_BIN' => '/Users/hogin/.nvm/versions/node/v10.15.0/bin'
    '_' => './yii'
    'PHP_SELF' => './yii'
    'SCRIPT_NAME' => './yii'
    'SCRIPT_FILENAME' => './yii'
    'PATH_TRANSLATED' => './yii'
    'DOCUMENT_ROOT' => ''
    'REQUEST_TIME_FLOAT' => 1597219133.778
    'REQUEST_TIME' => 1597219133
    'argv' => [
        0 => './yii'
        1 => 'migrate'
    ]
    'argc' => 2
]
2020-08-12 09:04:25 [-][-][-][error][yii\base\ErrorException:1] yii\base\ErrorException: Class 'console\libraries\db\Migration' not found in /Users/hogin/vue/photo-album/console/migrations/m200812_075431_test.php:5
Stack trace:
#0 /Users/hogin/vue/photo-album/vendor/yiisoft/yii2/base/ErrorHandler.php(0): yii\console\ErrorHandler->handleFatalError()
#1 /Users/hogin/vue/photo-album/vendor/yiisoft/yii2/console/controllers/BaseMigrateController.php(804): yii\console\controllers\MigrateController->unknown()
#2 /Users/hogin/vue/photo-album/vendor/yiisoft/yii2/console/controllers/MigrateController.php(197): yii\console\controllers\MigrateController->includeMigrationFile()
#3 /Users/hogin/vue/photo-album/vendor/yiisoft/yii2/console/controllers/BaseMigrateController.php(726): yii\console\controllers\MigrateController->createMigration()
#4 /Users/hogin/vue/photo-album/vendor/yiisoft/yii2/console/controllers/BaseMigrateController.php(202): yii\console\controllers\MigrateController->migrateUp()
#5 /Users/hogin/vue/photo-album/vendor/yiisoft/yii2/base/InlineAction.php(57): yii\console\controllers\MigrateController->actionUp()
#6 /Users/hogin/vue/photo-album/vendor/yiisoft/yii2/base/InlineAction.php(57): ::call_user_func_array:{/Users/hogin/vue/photo-album/vendor/yiisoft/yii2/base/InlineAction.php:57}()
#7 /Users/hogin/vue/photo-album/vendor/yiisoft/yii2/base/Controller.php(180): yii\base\InlineAction->runWithParams()
#8 /Users/hogin/vue/photo-album/vendor/yiisoft/yii2/console/Controller.php(181): yii\console\controllers\MigrateController->runAction()
#9 /Users/hogin/vue/photo-album/vendor/yiisoft/yii2/base/Module.php(528): yii\console\controllers\MigrateController->runAction()
#10 /Users/hogin/vue/photo-album/vendor/yiisoft/yii2/console/Application.php(180): yii\console\Application->runAction()
#11 /Users/hogin/vue/photo-album/vendor/yiisoft/yii2/console/Application.php(147): yii\console\Application->runAction()
#12 /Users/hogin/vue/photo-album/vendor/yiisoft/yii2/base/Application.php(386): yii\console\Application->handleRequest()
#13 /Users/hogin/vue/photo-album/yii(24): yii\console\Application->run()
#14 {main}
2020-08-12 09:04:22 [-][-][-][info][application] $_GET = []

$_POST = []

$_FILES = []

$_COOKIE = []

$_SERVER = [
    'NVM_CD_FLAGS' => ''
    'TERM' => 'xterm-256color'
    'SHELL' => '/bin/bash'
    'TMPDIR' => '/var/folders/pg/1wz56c5n3j55qmtqs6yw1jq40000gn/T/'
    'NVM_DIR' => '/Users/hogin/.nvm'
    'USER' => 'hogin'
    'SSH_AUTH_SOCK' => '/private/tmp/com.apple.launchd.qqG7z2fIxv/Listeners'
    '__CF_USER_TEXT_ENCODING' => '0x1F5:0x19:0x34'
    'PATH' => '/usr/local/opt/m4/bin:/Users/hogin/.nvm/versions/node/v10.15.0/bin:/Library/Frameworks/Python.framework/Versions/3.6/bin:/Library/Java/JavaVirtualMachines/jdk-13.0.1.jdk/Contents/Home/bin:/Users/hogin/Library/Python/3.6/bin:/usr/local/sbin:/usr/local/bin:/usr/bin:/bin:/usr/sbin:/sbin:/usr/local/mysql/bin:/usr/local/opt/mysql@5.6/bin'
    'PWD' => '/Users/hogin/vue/photo-album'
    'JAVA_HOME' => '/Library/Java/JavaVirtualMachines/jdk-13.0.1.jdk/Contents/Home'
    'XPC_FLAGS' => '0x0'
    'XPC_SERVICE_NAME' => '0'
    'SHLVL' => '1'
    'HOME' => '/Users/hogin'
    'LOGNAME' => 'hogin'
    'LC_CTYPE' => 'zh_CN.UTF-8'
    'NVM_BIN' => '/Users/hogin/.nvm/versions/node/v10.15.0/bin'
    '_' => './yii'
    'PHP_SELF' => './yii'
    'SCRIPT_NAME' => './yii'
    'SCRIPT_FILENAME' => './yii'
    'PATH_TRANSLATED' => './yii'
    'DOCUMENT_ROOT' => ''
    'REQUEST_TIME_FLOAT' => 1597223062.9538
    'REQUEST_TIME' => 1597223062
    'argv' => [
        0 => './yii'
        1 => 'migrate'
    ]
    'argc' => 2
]
2020-08-12 09:10:41 [-][-][-][error][yii\base\InvalidArgumentException] yii\base\InvalidArgumentException: Invalid path alias: @console/controllers in /Users/hogin/vue/photo-album/vendor/yiisoft/yii2/BaseYii.php:154
Stack trace:
#0 /Users/hogin/vue/photo-album/vendor/yiisoft/yii2/base/Module.php(257): yii\BaseYii::getAlias('@console/contro...')
#1 /Users/hogin/vue/photo-album/vendor/yiisoft/yii2/console/controllers/HelpController.php(245): yii\base\Module->getControllerPath()
#2 /Users/hogin/vue/photo-album/vendor/yiisoft/yii2/console/controllers/HelpController.php(172): yii\console\controllers\HelpController->getModuleCommands(Object(yii\console\Application))
#3 /Users/hogin/vue/photo-album/vendor/yiisoft/yii2/console/controllers/HelpController.php(192): yii\console\controllers\HelpController->getCommands()
#4 /Users/hogin/vue/photo-album/vendor/yiisoft/yii2/console/controllers/HelpController.php(292): yii\console\controllers\HelpController->getCommandDescriptions()
#5 /Users/hogin/vue/photo-album/vendor/yiisoft/yii2/console/controllers/HelpController.php(67): yii\console\controllers\HelpController->getDefaultHelp()
#6 [internal function]: yii\console\controllers\HelpController->actionIndex(NULL)
#7 /Users/hogin/vue/photo-album/vendor/yiisoft/yii2/base/InlineAction.php(57): call_user_func_array(Array, Array)
#8 /Users/hogin/vue/photo-album/vendor/yiisoft/yii2/base/Controller.php(180): yii\base\InlineAction->runWithParams(Array)
#9 /Users/hogin/vue/photo-album/vendor/yiisoft/yii2/console/Controller.php(181): yii\base\Controller->runAction('', Array)
#10 /Users/hogin/vue/photo-album/vendor/yiisoft/yii2/base/Module.php(528): yii\console\Controller->runAction('', Array)
#11 /Users/hogin/vue/photo-album/vendor/yiisoft/yii2/console/Application.php(180): yii\base\Module->runAction('', Array)
#12 /Users/hogin/vue/photo-album/vendor/yiisoft/yii2/console/Application.php(147): yii\console\Application->runAction('', Array)
#13 /Users/hogin/vue/photo-album/vendor/yiisoft/yii2/base/Application.php(386): yii\console\Application->handleRequest(Object(yii\console\Request))
#14 /Users/hogin/vue/photo-album/yii(24): yii\base\Application->run()
#15 {main}
2020-08-12 09:10:41 [-][-][-][info][application] $_GET = []

$_POST = []

$_FILES = []

$_COOKIE = []

$_SERVER = [
    'NVM_CD_FLAGS' => ''
    'TERM' => 'xterm-256color'
    'SHELL' => '/bin/bash'
    'TMPDIR' => '/var/folders/pg/1wz56c5n3j55qmtqs6yw1jq40000gn/T/'
    'NVM_DIR' => '/Users/hogin/.nvm'
    'USER' => 'hogin'
    'SSH_AUTH_SOCK' => '/private/tmp/com.apple.launchd.qqG7z2fIxv/Listeners'
    '__CF_USER_TEXT_ENCODING' => '0x1F5:0x19:0x34'
    'PATH' => '/usr/local/opt/m4/bin:/Users/hogin/.nvm/versions/node/v10.15.0/bin:/Library/Frameworks/Python.framework/Versions/3.6/bin:/Library/Java/JavaVirtualMachines/jdk-13.0.1.jdk/Contents/Home/bin:/Users/hogin/Library/Python/3.6/bin:/usr/local/sbin:/usr/local/bin:/usr/bin:/bin:/usr/sbin:/sbin:/usr/local/mysql/bin:/usr/local/opt/mysql@5.6/bin'
    'PWD' => '/Users/hogin/vue/photo-album'
    'JAVA_HOME' => '/Library/Java/JavaVirtualMachines/jdk-13.0.1.jdk/Contents/Home'
    'XPC_FLAGS' => '0x0'
    'XPC_SERVICE_NAME' => '0'
    'SHLVL' => '1'
    'HOME' => '/Users/hogin'
    'LOGNAME' => 'hogin'
    'LC_CTYPE' => 'zh_CN.UTF-8'
    'NVM_BIN' => '/Users/hogin/.nvm/versions/node/v10.15.0/bin'
    '_' => './yii'
    'PHP_SELF' => './yii'
    'SCRIPT_NAME' => './yii'
    'SCRIPT_FILENAME' => './yii'
    'PATH_TRANSLATED' => './yii'
    'DOCUMENT_ROOT' => ''
    'REQUEST_TIME_FLOAT' => 1597223441.1254
    'REQUEST_TIME' => 1597223441
    'argv' => [
        0 => './yii'
    ]
    'argc' => 1
]
2020-08-12 09:30:34 [-][-][-][warning][yii\log\Dispatcher::dispatch] Unable to send log via yii\debug\LogTarget: Exception 'yii\base\UnknownMethodException' with message 'Calling unknown method: yii\console\Request::getAbsoluteUrl()' 

in /Users/hogin/vue/photo-album/vendor/yiisoft/yii2/base/Component.php:300

Stack trace:
#0 /Users/hogin/vue/photo-album/vendor/yiisoft/yii2-debug/src/LogTarget.php(202): yii\base\Component->__call('getAbsoluteUrl', Array)
#1 /Users/hogin/vue/photo-album/vendor/yiisoft/yii2-debug/src/LogTarget.php(55): yii\debug\LogTarget->collectSummary()
#2 /Users/hogin/vue/photo-album/vendor/yiisoft/yii2-debug/src/LogTarget.php(136): yii\debug\LogTarget->export()
#3 /Users/hogin/vue/photo-album/vendor/yiisoft/yii2/log/Dispatcher.php(191): yii\debug\LogTarget->collect(Array, true)
#4 /Users/hogin/vue/photo-album/vendor/yiisoft/yii2/log/Logger.php(177): yii\log\Dispatcher->dispatch(Array, true)
#5 [internal function]: yii\log\Logger->flush(true)
#6 {main}
2020-08-12 09:30:22 [-][-][-][info][application] $_GET = []

$_POST = []

$_FILES = []

$_COOKIE = []

$_SERVER = [
    'NVM_CD_FLAGS' => ''
    'TERM' => 'xterm-256color'
    'SHELL' => '/bin/bash'
    'TMPDIR' => '/var/folders/pg/1wz56c5n3j55qmtqs6yw1jq40000gn/T/'
    'NVM_DIR' => '/Users/hogin/.nvm'
    'USER' => 'hogin'
    'SSH_AUTH_SOCK' => '/private/tmp/com.apple.launchd.qqG7z2fIxv/Listeners'
    '__CF_USER_TEXT_ENCODING' => '0x1F5:0x19:0x34'
    'PATH' => '/usr/local/opt/m4/bin:/Users/hogin/.nvm/versions/node/v10.15.0/bin:/Library/Frameworks/Python.framework/Versions/3.6/bin:/Library/Java/JavaVirtualMachines/jdk-13.0.1.jdk/Contents/Home/bin:/Users/hogin/Library/Python/3.6/bin:/usr/local/sbin:/usr/local/bin:/usr/bin:/bin:/usr/sbin:/sbin:/usr/local/mysql/bin:/usr/local/opt/mysql@5.6/bin'
    'PWD' => '/Users/hogin/vue/photo-album'
    'JAVA_HOME' => '/Library/Java/JavaVirtualMachines/jdk-13.0.1.jdk/Contents/Home'
    'XPC_FLAGS' => '0x0'
    'XPC_SERVICE_NAME' => '0'
    'SHLVL' => '1'
    'HOME' => '/Users/hogin'
    'LOGNAME' => 'hogin'
    'LC_CTYPE' => 'zh_CN.UTF-8'
    'NVM_BIN' => '/Users/hogin/.nvm/versions/node/v10.15.0/bin'
    '_' => './yii'
    'PHP_SELF' => './yii'
    'SCRIPT_NAME' => './yii'
    'SCRIPT_FILENAME' => './yii'
    'PATH_TRANSLATED' => './yii'
    'DOCUMENT_ROOT' => ''
    'REQUEST_TIME_FLOAT' => 1597224622.5595
    'REQUEST_TIME' => 1597224622
    'argv' => [
        0 => './yii'
        1 => 'migrate/down'
    ]
    'argc' => 2
]
2020-08-12 09:30:34 [-][-][-][warning][yii\log\Dispatcher::dispatch] Unable to send log via yii\debug\LogTarget: Exception 'yii\base\UnknownMethodException' with message 'Calling unknown method: yii\console\Request::getAbsoluteUrl()' 

in /Users/hogin/vue/photo-album/vendor/yiisoft/yii2/base/Component.php:300

Stack trace:
#0 /Users/hogin/vue/photo-album/vendor/yiisoft/yii2-debug/src/LogTarget.php(202): yii\base\Component->__call('getAbsoluteUrl', Array)
#1 /Users/hogin/vue/photo-album/vendor/yiisoft/yii2-debug/src/LogTarget.php(55): yii\debug\LogTarget->collectSummary()
#2 /Users/hogin/vue/photo-album/vendor/yiisoft/yii2-debug/src/LogTarget.php(136): yii\debug\LogTarget->export()
#3 /Users/hogin/vue/photo-album/vendor/yiisoft/yii2/log/Dispatcher.php(191): yii\debug\LogTarget->collect(Array, true)
#4 /Users/hogin/vue/photo-album/vendor/yiisoft/yii2/log/Logger.php(177): yii\log\Dispatcher->dispatch(Array, true)
#5 [internal function]: yii\log\Logger->flush(true)
#6 {main}
2020-08-12 09:30:22 [-][-][-][info][application] $_GET = []

$_POST = []

$_FILES = []

$_COOKIE = []

$_SERVER = [
    'NVM_CD_FLAGS' => ''
    'TERM' => 'xterm-256color'
    'SHELL' => '/bin/bash'
    'TMPDIR' => '/var/folders/pg/1wz56c5n3j55qmtqs6yw1jq40000gn/T/'
    'NVM_DIR' => '/Users/hogin/.nvm'
    'USER' => 'hogin'
    'SSH_AUTH_SOCK' => '/private/tmp/com.apple.launchd.qqG7z2fIxv/Listeners'
    '__CF_USER_TEXT_ENCODING' => '0x1F5:0x19:0x34'
    'PATH' => '/usr/local/opt/m4/bin:/Users/hogin/.nvm/versions/node/v10.15.0/bin:/Library/Frameworks/Python.framework/Versions/3.6/bin:/Library/Java/JavaVirtualMachines/jdk-13.0.1.jdk/Contents/Home/bin:/Users/hogin/Library/Python/3.6/bin:/usr/local/sbin:/usr/local/bin:/usr/bin:/bin:/usr/sbin:/sbin:/usr/local/mysql/bin:/usr/local/opt/mysql@5.6/bin'
    'PWD' => '/Users/hogin/vue/photo-album'
    'JAVA_HOME' => '/Library/Java/JavaVirtualMachines/jdk-13.0.1.jdk/Contents/Home'
    'XPC_FLAGS' => '0x0'
    'XPC_SERVICE_NAME' => '0'
    'SHLVL' => '1'
    'HOME' => '/Users/hogin'
    'LOGNAME' => 'hogin'
    'LC_CTYPE' => 'zh_CN.UTF-8'
    'NVM_BIN' => '/Users/hogin/.nvm/versions/node/v10.15.0/bin'
    '_' => './yii'
    'PHP_SELF' => './yii'
    'SCRIPT_NAME' => './yii'
    'SCRIPT_FILENAME' => './yii'
    'PATH_TRANSLATED' => './yii'
    'DOCUMENT_ROOT' => ''
    'REQUEST_TIME_FLOAT' => 1597224622.5595
    'REQUEST_TIME' => 1597224622
    'argv' => [
        0 => './yii'
        1 => 'migrate/down'
    ]
    'argc' => 2
]
2020-08-12 09:30:41 [-][-][-][warning][yii\log\Dispatcher::dispatch] Unable to send log via yii\debug\LogTarget: Exception 'yii\base\UnknownMethodException' with message 'Calling unknown method: yii\console\Request::getAbsoluteUrl()' 

in /Users/hogin/vue/photo-album/vendor/yiisoft/yii2/base/Component.php:300

Stack trace:
#0 /Users/hogin/vue/photo-album/vendor/yiisoft/yii2-debug/src/LogTarget.php(202): yii\base\Component->__call('getAbsoluteUrl', Array)
#1 /Users/hogin/vue/photo-album/vendor/yiisoft/yii2-debug/src/LogTarget.php(55): yii\debug\LogTarget->collectSummary()
#2 /Users/hogin/vue/photo-album/vendor/yiisoft/yii2-debug/src/LogTarget.php(136): yii\debug\LogTarget->export()
#3 /Users/hogin/vue/photo-album/vendor/yiisoft/yii2/log/Dispatcher.php(191): yii\debug\LogTarget->collect(Array, true)
#4 /Users/hogin/vue/photo-album/vendor/yiisoft/yii2/log/Logger.php(177): yii\log\Dispatcher->dispatch(Array, true)
#5 [internal function]: yii\log\Logger->flush(true)
#6 {main}
2020-08-12 09:30:39 [-][-][-][info][application] $_GET = []

$_POST = []

$_FILES = []

$_COOKIE = []

$_SERVER = [
    'NVM_CD_FLAGS' => ''
    'TERM' => 'xterm-256color'
    'SHELL' => '/bin/bash'
    'TMPDIR' => '/var/folders/pg/1wz56c5n3j55qmtqs6yw1jq40000gn/T/'
    'NVM_DIR' => '/Users/hogin/.nvm'
    'USER' => 'hogin'
    'SSH_AUTH_SOCK' => '/private/tmp/com.apple.launchd.qqG7z2fIxv/Listeners'
    '__CF_USER_TEXT_ENCODING' => '0x1F5:0x19:0x34'
    'PATH' => '/usr/local/opt/m4/bin:/Users/hogin/.nvm/versions/node/v10.15.0/bin:/Library/Frameworks/Python.framework/Versions/3.6/bin:/Library/Java/JavaVirtualMachines/jdk-13.0.1.jdk/Contents/Home/bin:/Users/hogin/Library/Python/3.6/bin:/usr/local/sbin:/usr/local/bin:/usr/bin:/bin:/usr/sbin:/sbin:/usr/local/mysql/bin:/usr/local/opt/mysql@5.6/bin'
    'PWD' => '/Users/hogin/vue/photo-album'
    'JAVA_HOME' => '/Library/Java/JavaVirtualMachines/jdk-13.0.1.jdk/Contents/Home'
    'XPC_FLAGS' => '0x0'
    'XPC_SERVICE_NAME' => '0'
    'SHLVL' => '1'
    'HOME' => '/Users/hogin'
    'LOGNAME' => 'hogin'
    'LC_CTYPE' => 'zh_CN.UTF-8'
    'NVM_BIN' => '/Users/hogin/.nvm/versions/node/v10.15.0/bin'
    '_' => './yii'
    'PHP_SELF' => './yii'
    'SCRIPT_NAME' => './yii'
    'SCRIPT_FILENAME' => './yii'
    'PATH_TRANSLATED' => './yii'
    'DOCUMENT_ROOT' => ''
    'REQUEST_TIME_FLOAT' => 1597224639.9793
    'REQUEST_TIME' => 1597224639
    'argv' => [
        0 => './yii'
        1 => 'migrate'
    ]
    'argc' => 2
]
2020-08-12 09:30:41 [-][-][-][warning][yii\log\Dispatcher::dispatch] Unable to send log via yii\debug\LogTarget: Exception 'yii\base\UnknownMethodException' with message 'Calling unknown method: yii\console\Request::getAbsoluteUrl()' 

in /Users/hogin/vue/photo-album/vendor/yiisoft/yii2/base/Component.php:300

Stack trace:
#0 /Users/hogin/vue/photo-album/vendor/yiisoft/yii2-debug/src/LogTarget.php(202): yii\base\Component->__call('getAbsoluteUrl', Array)
#1 /Users/hogin/vue/photo-album/vendor/yiisoft/yii2-debug/src/LogTarget.php(55): yii\debug\LogTarget->collectSummary()
#2 /Users/hogin/vue/photo-album/vendor/yiisoft/yii2-debug/src/LogTarget.php(136): yii\debug\LogTarget->export()
#3 /Users/hogin/vue/photo-album/vendor/yiisoft/yii2/log/Dispatcher.php(191): yii\debug\LogTarget->collect(Array, true)
#4 /Users/hogin/vue/photo-album/vendor/yiisoft/yii2/log/Logger.php(177): yii\log\Dispatcher->dispatch(Array, true)
#5 [internal function]: yii\log\Logger->flush(true)
#6 {main}
2020-08-12 09:30:39 [-][-][-][info][application] $_GET = []

$_POST = []

$_FILES = []

$_COOKIE = []

$_SERVER = [
    'NVM_CD_FLAGS' => ''
    'TERM' => 'xterm-256color'
    'SHELL' => '/bin/bash'
    'TMPDIR' => '/var/folders/pg/1wz56c5n3j55qmtqs6yw1jq40000gn/T/'
    'NVM_DIR' => '/Users/hogin/.nvm'
    'USER' => 'hogin'
    'SSH_AUTH_SOCK' => '/private/tmp/com.apple.launchd.qqG7z2fIxv/Listeners'
    '__CF_USER_TEXT_ENCODING' => '0x1F5:0x19:0x34'
    'PATH' => '/usr/local/opt/m4/bin:/Users/hogin/.nvm/versions/node/v10.15.0/bin:/Library/Frameworks/Python.framework/Versions/3.6/bin:/Library/Java/JavaVirtualMachines/jdk-13.0.1.jdk/Contents/Home/bin:/Users/hogin/Library/Python/3.6/bin:/usr/local/sbin:/usr/local/bin:/usr/bin:/bin:/usr/sbin:/sbin:/usr/local/mysql/bin:/usr/local/opt/mysql@5.6/bin'
    'PWD' => '/Users/hogin/vue/photo-album'
    'JAVA_HOME' => '/Library/Java/JavaVirtualMachines/jdk-13.0.1.jdk/Contents/Home'
    'XPC_FLAGS' => '0x0'
    'XPC_SERVICE_NAME' => '0'
    'SHLVL' => '1'
    'HOME' => '/Users/hogin'
    'LOGNAME' => 'hogin'
    'LC_CTYPE' => 'zh_CN.UTF-8'
    'NVM_BIN' => '/Users/hogin/.nvm/versions/node/v10.15.0/bin'
    '_' => './yii'
    'PHP_SELF' => './yii'
    'SCRIPT_NAME' => './yii'
    'SCRIPT_FILENAME' => './yii'
    'PATH_TRANSLATED' => './yii'
    'DOCUMENT_ROOT' => ''
    'REQUEST_TIME_FLOAT' => 1597224639.9793
    'REQUEST_TIME' => 1597224639
    'argv' => [
        0 => './yii'
        1 => 'migrate'
    ]
    'argc' => 2
]
2020-08-13 00:59:52 [-][-][-][warning][yii\log\Dispatcher::dispatch] Unable to send log via yii\debug\LogTarget: Exception 'yii\base\UnknownMethodException' with message 'Calling unknown method: yii\console\Request::getAbsoluteUrl()' 

in /Users/hogin/vue/photo-album/vendor/yiisoft/yii2/base/Component.php:300

Stack trace:
#0 /Users/hogin/vue/photo-album/vendor/yiisoft/yii2-debug/src/LogTarget.php(202): yii\base\Component->__call('getAbsoluteUrl', Array)
#1 /Users/hogin/vue/photo-album/vendor/yiisoft/yii2-debug/src/LogTarget.php(55): yii\debug\LogTarget->collectSummary()
#2 /Users/hogin/vue/photo-album/vendor/yiisoft/yii2-debug/src/LogTarget.php(136): yii\debug\LogTarget->export()
#3 /Users/hogin/vue/photo-album/vendor/yiisoft/yii2/log/Dispatcher.php(191): yii\debug\LogTarget->collect(Array, true)
#4 /Users/hogin/vue/photo-album/vendor/yiisoft/yii2/log/Logger.php(177): yii\log\Dispatcher->dispatch(Array, true)
#5 [internal function]: yii\log\Logger->flush(true)
#6 {main}
2020-08-13 00:59:52 [-][-][-][info][application] $_GET = []

$_POST = []

$_FILES = []

$_COOKIE = []

$_SERVER = [
    'NVM_CD_FLAGS' => ''
    'TERM' => 'xterm-256color'
    'SHELL' => '/bin/bash'
    'TMPDIR' => '/var/folders/pg/1wz56c5n3j55qmtqs6yw1jq40000gn/T/'
    'NVM_DIR' => '/Users/hogin/.nvm'
    'USER' => 'hogin'
    'SSH_AUTH_SOCK' => '/private/tmp/com.apple.launchd.qqG7z2fIxv/Listeners'
    '__CF_USER_TEXT_ENCODING' => '0x1F5:0x19:0x34'
    'PATH' => '/usr/local/opt/m4/bin:/Users/hogin/.nvm/versions/node/v10.15.0/bin:/Library/Frameworks/Python.framework/Versions/3.6/bin:/Library/Java/JavaVirtualMachines/jdk-13.0.1.jdk/Contents/Home/bin:/Users/hogin/Library/Python/3.6/bin:/usr/local/sbin:/usr/local/bin:/usr/bin:/bin:/usr/sbin:/sbin:/usr/local/mysql/bin:/usr/local/opt/mysql@5.6/bin'
    'PWD' => '/Users/hogin/vue/photo-album'
    'JAVA_HOME' => '/Library/Java/JavaVirtualMachines/jdk-13.0.1.jdk/Contents/Home'
    'XPC_FLAGS' => '0x0'
    'XPC_SERVICE_NAME' => '0'
    'SHLVL' => '1'
    'HOME' => '/Users/hogin'
    'LOGNAME' => 'hogin'
    'LC_CTYPE' => 'zh_CN.UTF-8'
    'NVM_BIN' => '/Users/hogin/.nvm/versions/node/v10.15.0/bin'
    '_' => './yii'
    'PHP_SELF' => './yii'
    'SCRIPT_NAME' => './yii'
    'SCRIPT_FILENAME' => './yii'
    'PATH_TRANSLATED' => './yii'
    'DOCUMENT_ROOT' => ''
    'REQUEST_TIME_FLOAT' => 1597280391.9906
    'REQUEST_TIME' => 1597280391
    'argv' => [
        0 => './yii'
    ]
    'argc' => 1
]
2020-08-13 00:59:52 [-][-][-][warning][yii\log\Dispatcher::dispatch] Unable to send log via yii\debug\LogTarget: Exception 'yii\base\UnknownMethodException' with message 'Calling unknown method: yii\console\Request::getAbsoluteUrl()' 

in /Users/hogin/vue/photo-album/vendor/yiisoft/yii2/base/Component.php:300

Stack trace:
#0 /Users/hogin/vue/photo-album/vendor/yiisoft/yii2-debug/src/LogTarget.php(202): yii\base\Component->__call('getAbsoluteUrl', Array)
#1 /Users/hogin/vue/photo-album/vendor/yiisoft/yii2-debug/src/LogTarget.php(55): yii\debug\LogTarget->collectSummary()
#2 /Users/hogin/vue/photo-album/vendor/yiisoft/yii2-debug/src/LogTarget.php(136): yii\debug\LogTarget->export()
#3 /Users/hogin/vue/photo-album/vendor/yiisoft/yii2/log/Dispatcher.php(191): yii\debug\LogTarget->collect(Array, true)
#4 /Users/hogin/vue/photo-album/vendor/yiisoft/yii2/log/Logger.php(177): yii\log\Dispatcher->dispatch(Array, true)
#5 [internal function]: yii\log\Logger->flush(true)
#6 {main}
2020-08-13 00:59:52 [-][-][-][info][application] $_GET = []

$_POST = []

$_FILES = []

$_COOKIE = []

$_SERVER = [
    'NVM_CD_FLAGS' => ''
    'TERM' => 'xterm-256color'
    'SHELL' => '/bin/bash'
    'TMPDIR' => '/var/folders/pg/1wz56c5n3j55qmtqs6yw1jq40000gn/T/'
    'NVM_DIR' => '/Users/hogin/.nvm'
    'USER' => 'hogin'
    'SSH_AUTH_SOCK' => '/private/tmp/com.apple.launchd.qqG7z2fIxv/Listeners'
    '__CF_USER_TEXT_ENCODING' => '0x1F5:0x19:0x34'
    'PATH' => '/usr/local/opt/m4/bin:/Users/hogin/.nvm/versions/node/v10.15.0/bin:/Library/Frameworks/Python.framework/Versions/3.6/bin:/Library/Java/JavaVirtualMachines/jdk-13.0.1.jdk/Contents/Home/bin:/Users/hogin/Library/Python/3.6/bin:/usr/local/sbin:/usr/local/bin:/usr/bin:/bin:/usr/sbin:/sbin:/usr/local/mysql/bin:/usr/local/opt/mysql@5.6/bin'
    'PWD' => '/Users/hogin/vue/photo-album'
    'JAVA_HOME' => '/Library/Java/JavaVirtualMachines/jdk-13.0.1.jdk/Contents/Home'
    'XPC_FLAGS' => '0x0'
    'XPC_SERVICE_NAME' => '0'
    'SHLVL' => '1'
    'HOME' => '/Users/hogin'
    'LOGNAME' => 'hogin'
    'LC_CTYPE' => 'zh_CN.UTF-8'
    'NVM_BIN' => '/Users/hogin/.nvm/versions/node/v10.15.0/bin'
    '_' => './yii'
    'PHP_SELF' => './yii'
    'SCRIPT_NAME' => './yii'
    'SCRIPT_FILENAME' => './yii'
    'PATH_TRANSLATED' => './yii'
    'DOCUMENT_ROOT' => ''
    'REQUEST_TIME_FLOAT' => 1597280391.9906
    'REQUEST_TIME' => 1597280391
    'argv' => [
        0 => './yii'
    ]
    'argc' => 1
]
2020-08-13 00:59:59 [-][-][-][error][yii\base\InvalidArgumentException] yii\base\InvalidArgumentException: Invalid path alias: @console/controllers in /Users/hogin/vue/photo-album/vendor/yiisoft/yii2/BaseYii.php:154
Stack trace:
#0 /Users/hogin/vue/photo-album/vendor/yiisoft/yii2/base/Module.php(257): yii\BaseYii::getAlias('@console/contro...')
#1 /Users/hogin/vue/photo-album/vendor/yiisoft/yii2/console/controllers/HelpController.php(245): yii\base\Module->getControllerPath()
#2 /Users/hogin/vue/photo-album/vendor/yiisoft/yii2/console/controllers/HelpController.php(172): yii\console\controllers\HelpController->getModuleCommands(Object(yii\console\Application))
#3 /Users/hogin/vue/photo-album/vendor/yiisoft/yii2/console/controllers/HelpController.php(192): yii\console\controllers\HelpController->getCommands()
#4 /Users/hogin/vue/photo-album/vendor/yiisoft/yii2/console/controllers/HelpController.php(292): yii\console\controllers\HelpController->getCommandDescriptions()
#5 /Users/hogin/vue/photo-album/vendor/yiisoft/yii2/console/controllers/HelpController.php(67): yii\console\controllers\HelpController->getDefaultHelp()
#6 [internal function]: yii\console\controllers\HelpController->actionIndex(NULL)
#7 /Users/hogin/vue/photo-album/vendor/yiisoft/yii2/base/InlineAction.php(57): call_user_func_array(Array, Array)
#8 /Users/hogin/vue/photo-album/vendor/yiisoft/yii2/base/Controller.php(180): yii\base\InlineAction->runWithParams(Array)
#9 /Users/hogin/vue/photo-album/vendor/yiisoft/yii2/console/Controller.php(181): yii\base\Controller->runAction('', Array)
#10 /Users/hogin/vue/photo-album/vendor/yiisoft/yii2/base/Module.php(528): yii\console\Controller->runAction('', Array)
#11 /Users/hogin/vue/photo-album/vendor/yiisoft/yii2/console/Application.php(180): yii\base\Module->runAction('', Array)
#12 /Users/hogin/vue/photo-album/vendor/yiisoft/yii2/console/Application.php(147): yii\console\Application->runAction('', Array)
#13 /Users/hogin/vue/photo-album/vendor/yiisoft/yii2/base/Application.php(386): yii\console\Application->handleRequest(Object(yii\console\Request))
#14 /Users/hogin/vue/photo-album/yii(25): yii\base\Application->run()
#15 {main}
2020-08-13 00:59:59 [-][-][-][info][application] $_GET = []

$_POST = []

$_FILES = []

$_COOKIE = []

$_SERVER = [
    'NVM_CD_FLAGS' => ''
    'TERM' => 'xterm-256color'
    'SHELL' => '/bin/bash'
    'TMPDIR' => '/var/folders/pg/1wz56c5n3j55qmtqs6yw1jq40000gn/T/'
    'NVM_DIR' => '/Users/hogin/.nvm'
    'USER' => 'hogin'
    'SSH_AUTH_SOCK' => '/private/tmp/com.apple.launchd.qqG7z2fIxv/Listeners'
    '__CF_USER_TEXT_ENCODING' => '0x1F5:0x19:0x34'
    'PATH' => '/usr/local/opt/m4/bin:/Users/hogin/.nvm/versions/node/v10.15.0/bin:/Library/Frameworks/Python.framework/Versions/3.6/bin:/Library/Java/JavaVirtualMachines/jdk-13.0.1.jdk/Contents/Home/bin:/Users/hogin/Library/Python/3.6/bin:/usr/local/sbin:/usr/local/bin:/usr/bin:/bin:/usr/sbin:/sbin:/usr/local/mysql/bin:/usr/local/opt/mysql@5.6/bin'
    'PWD' => '/Users/hogin/vue/photo-album'
    'JAVA_HOME' => '/Library/Java/JavaVirtualMachines/jdk-13.0.1.jdk/Contents/Home'
    'XPC_FLAGS' => '0x0'
    'XPC_SERVICE_NAME' => '0'
    'SHLVL' => '1'
    'HOME' => '/Users/hogin'
    'LOGNAME' => 'hogin'
    'LC_CTYPE' => 'zh_CN.UTF-8'
    'NVM_BIN' => '/Users/hogin/.nvm/versions/node/v10.15.0/bin'
    '_' => './yii'
    'PHP_SELF' => './yii'
    'SCRIPT_NAME' => './yii'
    'SCRIPT_FILENAME' => './yii'
    'PATH_TRANSLATED' => './yii'
    'DOCUMENT_ROOT' => ''
    'REQUEST_TIME_FLOAT' => 1597280399.349
    'REQUEST_TIME' => 1597280399
    'argv' => [
        0 => './yii'
    ]
    'argc' => 1
]
2020-08-13 00:59:59 [-][-][-][error][yii\base\InvalidArgumentException] yii\base\InvalidArgumentException: Invalid path alias: @console/controllers in /Users/hogin/vue/photo-album/vendor/yiisoft/yii2/BaseYii.php:154
Stack trace:
#0 /Users/hogin/vue/photo-album/vendor/yiisoft/yii2/base/Module.php(257): yii\BaseYii::getAlias('@console/contro...')
#1 /Users/hogin/vue/photo-album/vendor/yiisoft/yii2/console/controllers/HelpController.php(245): yii\base\Module->getControllerPath()
#2 /Users/hogin/vue/photo-album/vendor/yiisoft/yii2/console/controllers/HelpController.php(172): yii\console\controllers\HelpController->getModuleCommands(Object(yii\console\Application))
#3 /Users/hogin/vue/photo-album/vendor/yiisoft/yii2/console/controllers/HelpController.php(192): yii\console\controllers\HelpController->getCommands()
#4 /Users/hogin/vue/photo-album/vendor/yiisoft/yii2/console/controllers/HelpController.php(292): yii\console\controllers\HelpController->getCommandDescriptions()
#5 /Users/hogin/vue/photo-album/vendor/yiisoft/yii2/console/controllers/HelpController.php(67): yii\console\controllers\HelpController->getDefaultHelp()
#6 [internal function]: yii\console\controllers\HelpController->actionIndex(NULL)
#7 /Users/hogin/vue/photo-album/vendor/yiisoft/yii2/base/InlineAction.php(57): call_user_func_array(Array, Array)
#8 /Users/hogin/vue/photo-album/vendor/yiisoft/yii2/base/Controller.php(180): yii\base\InlineAction->runWithParams(Array)
#9 /Users/hogin/vue/photo-album/vendor/yiisoft/yii2/console/Controller.php(181): yii\base\Controller->runAction('', Array)
#10 /Users/hogin/vue/photo-album/vendor/yiisoft/yii2/base/Module.php(528): yii\console\Controller->runAction('', Array)
#11 /Users/hogin/vue/photo-album/vendor/yiisoft/yii2/console/Application.php(180): yii\base\Module->runAction('', Array)
#12 /Users/hogin/vue/photo-album/vendor/yiisoft/yii2/console/Application.php(147): yii\console\Application->runAction('', Array)
#13 /Users/hogin/vue/photo-album/vendor/yiisoft/yii2/base/Application.php(386): yii\console\Application->handleRequest(Object(yii\console\Request))
#14 /Users/hogin/vue/photo-album/yii(25): yii\base\Application->run()
#15 {main}
2020-08-13 00:59:59 [-][-][-][info][application] $_GET = []

$_POST = []

$_FILES = []

$_COOKIE = []

$_SERVER = [
    'NVM_CD_FLAGS' => ''
    'TERM' => 'xterm-256color'
    'SHELL' => '/bin/bash'
    'TMPDIR' => '/var/folders/pg/1wz56c5n3j55qmtqs6yw1jq40000gn/T/'
    'NVM_DIR' => '/Users/hogin/.nvm'
    'USER' => 'hogin'
    'SSH_AUTH_SOCK' => '/private/tmp/com.apple.launchd.qqG7z2fIxv/Listeners'
    '__CF_USER_TEXT_ENCODING' => '0x1F5:0x19:0x34'
    'PATH' => '/usr/local/opt/m4/bin:/Users/hogin/.nvm/versions/node/v10.15.0/bin:/Library/Frameworks/Python.framework/Versions/3.6/bin:/Library/Java/JavaVirtualMachines/jdk-13.0.1.jdk/Contents/Home/bin:/Users/hogin/Library/Python/3.6/bin:/usr/local/sbin:/usr/local/bin:/usr/bin:/bin:/usr/sbin:/sbin:/usr/local/mysql/bin:/usr/local/opt/mysql@5.6/bin'
    'PWD' => '/Users/hogin/vue/photo-album'
    'JAVA_HOME' => '/Library/Java/JavaVirtualMachines/jdk-13.0.1.jdk/Contents/Home'
    'XPC_FLAGS' => '0x0'
    'XPC_SERVICE_NAME' => '0'
    'SHLVL' => '1'
    'HOME' => '/Users/hogin'
    'LOGNAME' => 'hogin'
    'LC_CTYPE' => 'zh_CN.UTF-8'
    'NVM_BIN' => '/Users/hogin/.nvm/versions/node/v10.15.0/bin'
    '_' => './yii'
    'PHP_SELF' => './yii'
    'SCRIPT_NAME' => './yii'
    'SCRIPT_FILENAME' => './yii'
    'PATH_TRANSLATED' => './yii'
    'DOCUMENT_ROOT' => ''
    'REQUEST_TIME_FLOAT' => 1597280399.349
    'REQUEST_TIME' => 1597280399
    'argv' => [
        0 => './yii'
    ]
    'argc' => 1
]
2020-08-13 00:59:59 [-][-][-][warning][yii\log\Dispatcher::dispatch] Unable to send log via yii\debug\LogTarget: Exception 'yii\base\UnknownMethodException' with message 'Calling unknown method: yii\console\Request::getAbsoluteUrl()' 

in /Users/hogin/vue/photo-album/vendor/yiisoft/yii2/base/Component.php:300

Stack trace:
#0 /Users/hogin/vue/photo-album/vendor/yiisoft/yii2-debug/src/LogTarget.php(202): yii\base\Component->__call('getAbsoluteUrl', Array)
#1 /Users/hogin/vue/photo-album/vendor/yiisoft/yii2-debug/src/LogTarget.php(55): yii\debug\LogTarget->collectSummary()
#2 /Users/hogin/vue/photo-album/vendor/yiisoft/yii2-debug/src/LogTarget.php(136): yii\debug\LogTarget->export()
#3 /Users/hogin/vue/photo-album/vendor/yiisoft/yii2/log/Dispatcher.php(191): yii\debug\LogTarget->collect(Array, true)
#4 /Users/hogin/vue/photo-album/vendor/yiisoft/yii2/log/Logger.php(177): yii\log\Dispatcher->dispatch(Array, true)
#5 /Users/hogin/vue/photo-album/vendor/yiisoft/yii2/base/ErrorHandler.php(137): yii\log\Logger->flush(true)
#6 [internal function]: yii\base\ErrorHandler->handleException(Object(yii\base\InvalidArgumentException))
#7 {main}
2020-08-13 00:59:59 [-][-][-][info][application] $_GET = []

$_POST = []

$_FILES = []

$_COOKIE = []

$_SERVER = [
    'NVM_CD_FLAGS' => ''
    'TERM' => 'xterm-256color'
    'SHELL' => '/bin/bash'
    'TMPDIR' => '/var/folders/pg/1wz56c5n3j55qmtqs6yw1jq40000gn/T/'
    'NVM_DIR' => '/Users/hogin/.nvm'
    'USER' => 'hogin'
    'SSH_AUTH_SOCK' => '/private/tmp/com.apple.launchd.qqG7z2fIxv/Listeners'
    '__CF_USER_TEXT_ENCODING' => '0x1F5:0x19:0x34'
    'PATH' => '/usr/local/opt/m4/bin:/Users/hogin/.nvm/versions/node/v10.15.0/bin:/Library/Frameworks/Python.framework/Versions/3.6/bin:/Library/Java/JavaVirtualMachines/jdk-13.0.1.jdk/Contents/Home/bin:/Users/hogin/Library/Python/3.6/bin:/usr/local/sbin:/usr/local/bin:/usr/bin:/bin:/usr/sbin:/sbin:/usr/local/mysql/bin:/usr/local/opt/mysql@5.6/bin'
    'PWD' => '/Users/hogin/vue/photo-album'
    'JAVA_HOME' => '/Library/Java/JavaVirtualMachines/jdk-13.0.1.jdk/Contents/Home'
    'XPC_FLAGS' => '0x0'
    'XPC_SERVICE_NAME' => '0'
    'SHLVL' => '1'
    'HOME' => '/Users/hogin'
    'LOGNAME' => 'hogin'
    'LC_CTYPE' => 'zh_CN.UTF-8'
    'NVM_BIN' => '/Users/hogin/.nvm/versions/node/v10.15.0/bin'
    '_' => './yii'
    'PHP_SELF' => './yii'
    'SCRIPT_NAME' => './yii'
    'SCRIPT_FILENAME' => './yii'
    'PATH_TRANSLATED' => './yii'
    'DOCUMENT_ROOT' => ''
    'REQUEST_TIME_FLOAT' => 1597280399.349
    'REQUEST_TIME' => 1597280399
    'argv' => [
        0 => './yii'
    ]
    'argc' => 1
]
2020-08-13 00:59:59 [-][-][-][warning][yii\log\Dispatcher::dispatch] Unable to send log via yii\debug\LogTarget: Exception 'yii\base\UnknownMethodException' with message 'Calling unknown method: yii\console\Request::getAbsoluteUrl()' 

in /Users/hogin/vue/photo-album/vendor/yiisoft/yii2/base/Component.php:300

Stack trace:
#0 /Users/hogin/vue/photo-album/vendor/yiisoft/yii2-debug/src/LogTarget.php(202): yii\base\Component->__call('getAbsoluteUrl', Array)
#1 /Users/hogin/vue/photo-album/vendor/yiisoft/yii2-debug/src/LogTarget.php(55): yii\debug\LogTarget->collectSummary()
#2 /Users/hogin/vue/photo-album/vendor/yiisoft/yii2-debug/src/LogTarget.php(136): yii\debug\LogTarget->export()
#3 /Users/hogin/vue/photo-album/vendor/yiisoft/yii2/log/Dispatcher.php(191): yii\debug\LogTarget->collect(Array, true)
#4 /Users/hogin/vue/photo-album/vendor/yiisoft/yii2/log/Logger.php(177): yii\log\Dispatcher->dispatch(Array, true)
#5 /Users/hogin/vue/photo-album/vendor/yiisoft/yii2/base/ErrorHandler.php(137): yii\log\Logger->flush(true)
#6 [internal function]: yii\base\ErrorHandler->handleException(Object(yii\base\InvalidArgumentException))
#7 {main}
2020-08-13 00:59:59 [-][-][-][info][application] $_GET = []

$_POST = []

$_FILES = []

$_COOKIE = []

$_SERVER = [
    'NVM_CD_FLAGS' => ''
    'TERM' => 'xterm-256color'
    'SHELL' => '/bin/bash'
    'TMPDIR' => '/var/folders/pg/1wz56c5n3j55qmtqs6yw1jq40000gn/T/'
    'NVM_DIR' => '/Users/hogin/.nvm'
    'USER' => 'hogin'
    'SSH_AUTH_SOCK' => '/private/tmp/com.apple.launchd.qqG7z2fIxv/Listeners'
    '__CF_USER_TEXT_ENCODING' => '0x1F5:0x19:0x34'
    'PATH' => '/usr/local/opt/m4/bin:/Users/hogin/.nvm/versions/node/v10.15.0/bin:/Library/Frameworks/Python.framework/Versions/3.6/bin:/Library/Java/JavaVirtualMachines/jdk-13.0.1.jdk/Contents/Home/bin:/Users/hogin/Library/Python/3.6/bin:/usr/local/sbin:/usr/local/bin:/usr/bin:/bin:/usr/sbin:/sbin:/usr/local/mysql/bin:/usr/local/opt/mysql@5.6/bin'
    'PWD' => '/Users/hogin/vue/photo-album'
    'JAVA_HOME' => '/Library/Java/JavaVirtualMachines/jdk-13.0.1.jdk/Contents/Home'
    'XPC_FLAGS' => '0x0'
    'XPC_SERVICE_NAME' => '0'
    'SHLVL' => '1'
    'HOME' => '/Users/hogin'
    'LOGNAME' => 'hogin'
    'LC_CTYPE' => 'zh_CN.UTF-8'
    'NVM_BIN' => '/Users/hogin/.nvm/versions/node/v10.15.0/bin'
    '_' => './yii'
    'PHP_SELF' => './yii'
    'SCRIPT_NAME' => './yii'
    'SCRIPT_FILENAME' => './yii'
    'PATH_TRANSLATED' => './yii'
    'DOCUMENT_ROOT' => ''
    'REQUEST_TIME_FLOAT' => 1597280399.349
    'REQUEST_TIME' => 1597280399
    'argv' => [
        0 => './yii'
    ]
    'argc' => 1
]
2020-08-13 01:02:16 [-][-][-][warning][yii\log\Dispatcher::dispatch] Unable to send log via yii\debug\LogTarget: Exception 'yii\base\UnknownMethodException' with message 'Calling unknown method: yii\console\Request::getAbsoluteUrl()' 

in /Users/hogin/vue/photo-album/vendor/yiisoft/yii2/base/Component.php:300

Stack trace:
#0 /Users/hogin/vue/photo-album/vendor/yiisoft/yii2-debug/src/LogTarget.php(202): yii\base\Component->__call('getAbsoluteUrl', Array)
#1 /Users/hogin/vue/photo-album/vendor/yiisoft/yii2-debug/src/LogTarget.php(55): yii\debug\LogTarget->collectSummary()
#2 /Users/hogin/vue/photo-album/vendor/yiisoft/yii2-debug/src/LogTarget.php(136): yii\debug\LogTarget->export()
#3 /Users/hogin/vue/photo-album/vendor/yiisoft/yii2/log/Dispatcher.php(191): yii\debug\LogTarget->collect(Array, true)
#4 /Users/hogin/vue/photo-album/vendor/yiisoft/yii2/log/Logger.php(177): yii\log\Dispatcher->dispatch(Array, true)
#5 [internal function]: yii\log\Logger->flush(true)
#6 {main}
2020-08-13 01:02:16 [-][-][-][info][application] $_GET = []

$_POST = []

$_FILES = []

$_COOKIE = []

$_SERVER = [
    'NVM_CD_FLAGS' => ''
    'TERM' => 'xterm-256color'
    'SHELL' => '/bin/bash'
    'TMPDIR' => '/var/folders/pg/1wz56c5n3j55qmtqs6yw1jq40000gn/T/'
    'NVM_DIR' => '/Users/hogin/.nvm'
    'USER' => 'hogin'
    'SSH_AUTH_SOCK' => '/private/tmp/com.apple.launchd.qqG7z2fIxv/Listeners'
    '__CF_USER_TEXT_ENCODING' => '0x1F5:0x19:0x34'
    'PATH' => '/usr/local/opt/m4/bin:/Users/hogin/.nvm/versions/node/v10.15.0/bin:/Library/Frameworks/Python.framework/Versions/3.6/bin:/Library/Java/JavaVirtualMachines/jdk-13.0.1.jdk/Contents/Home/bin:/Users/hogin/Library/Python/3.6/bin:/usr/local/sbin:/usr/local/bin:/usr/bin:/bin:/usr/sbin:/sbin:/usr/local/mysql/bin:/usr/local/opt/mysql@5.6/bin'
    'PWD' => '/Users/hogin/vue/photo-album'
    'JAVA_HOME' => '/Library/Java/JavaVirtualMachines/jdk-13.0.1.jdk/Contents/Home'
    'XPC_FLAGS' => '0x0'
    'XPC_SERVICE_NAME' => '0'
    'SHLVL' => '1'
    'HOME' => '/Users/hogin'
    'LOGNAME' => 'hogin'
    'LC_CTYPE' => 'zh_CN.UTF-8'
    'NVM_BIN' => '/Users/hogin/.nvm/versions/node/v10.15.0/bin'
    '_' => './yii'
    'PHP_SELF' => './yii'
    'SCRIPT_NAME' => './yii'
    'SCRIPT_FILENAME' => './yii'
    'PATH_TRANSLATED' => './yii'
    'DOCUMENT_ROOT' => ''
    'REQUEST_TIME_FLOAT' => 1597280536.5609
    'REQUEST_TIME' => 1597280536
    'argv' => [
        0 => './yii'
    ]
    'argc' => 1
]
2020-08-13 01:02:16 [-][-][-][warning][yii\log\Dispatcher::dispatch] Unable to send log via yii\debug\LogTarget: Exception 'yii\base\UnknownMethodException' with message 'Calling unknown method: yii\console\Request::getAbsoluteUrl()' 

in /Users/hogin/vue/photo-album/vendor/yiisoft/yii2/base/Component.php:300

Stack trace:
#0 /Users/hogin/vue/photo-album/vendor/yiisoft/yii2-debug/src/LogTarget.php(202): yii\base\Component->__call('getAbsoluteUrl', Array)
#1 /Users/hogin/vue/photo-album/vendor/yiisoft/yii2-debug/src/LogTarget.php(55): yii\debug\LogTarget->collectSummary()
#2 /Users/hogin/vue/photo-album/vendor/yiisoft/yii2-debug/src/LogTarget.php(136): yii\debug\LogTarget->export()
#3 /Users/hogin/vue/photo-album/vendor/yiisoft/yii2/log/Dispatcher.php(191): yii\debug\LogTarget->collect(Array, true)
#4 /Users/hogin/vue/photo-album/vendor/yiisoft/yii2/log/Logger.php(177): yii\log\Dispatcher->dispatch(Array, true)
#5 [internal function]: yii\log\Logger->flush(true)
#6 {main}
2020-08-13 01:02:16 [-][-][-][info][application] $_GET = []

$_POST = []

$_FILES = []

$_COOKIE = []

$_SERVER = [
    'NVM_CD_FLAGS' => ''
    'TERM' => 'xterm-256color'
    'SHELL' => '/bin/bash'
    'TMPDIR' => '/var/folders/pg/1wz56c5n3j55qmtqs6yw1jq40000gn/T/'
    'NVM_DIR' => '/Users/hogin/.nvm'
    'USER' => 'hogin'
    'SSH_AUTH_SOCK' => '/private/tmp/com.apple.launchd.qqG7z2fIxv/Listeners'
    '__CF_USER_TEXT_ENCODING' => '0x1F5:0x19:0x34'
    'PATH' => '/usr/local/opt/m4/bin:/Users/hogin/.nvm/versions/node/v10.15.0/bin:/Library/Frameworks/Python.framework/Versions/3.6/bin:/Library/Java/JavaVirtualMachines/jdk-13.0.1.jdk/Contents/Home/bin:/Users/hogin/Library/Python/3.6/bin:/usr/local/sbin:/usr/local/bin:/usr/bin:/bin:/usr/sbin:/sbin:/usr/local/mysql/bin:/usr/local/opt/mysql@5.6/bin'
    'PWD' => '/Users/hogin/vue/photo-album'
    'JAVA_HOME' => '/Library/Java/JavaVirtualMachines/jdk-13.0.1.jdk/Contents/Home'
    'XPC_FLAGS' => '0x0'
    'XPC_SERVICE_NAME' => '0'
    'SHLVL' => '1'
    'HOME' => '/Users/hogin'
    'LOGNAME' => 'hogin'
    'LC_CTYPE' => 'zh_CN.UTF-8'
    'NVM_BIN' => '/Users/hogin/.nvm/versions/node/v10.15.0/bin'
    '_' => './yii'
    'PHP_SELF' => './yii'
    'SCRIPT_NAME' => './yii'
    'SCRIPT_FILENAME' => './yii'
    'PATH_TRANSLATED' => './yii'
    'DOCUMENT_ROOT' => ''
    'REQUEST_TIME_FLOAT' => 1597280536.5609
    'REQUEST_TIME' => 1597280536
    'argv' => [
        0 => './yii'
    ]
    'argc' => 1
]
2020-08-13 06:10:39 [-][-][-][warning][yii\log\Dispatcher::dispatch] Unable to send log via yii\debug\LogTarget: Exception 'yii\base\UnknownMethodException' with message 'Calling unknown method: yii\console\Request::getAbsoluteUrl()' 

in /Users/hogin/vue/photo-album/vendor/yiisoft/yii2/base/Component.php:300

Stack trace:
#0 /Users/hogin/vue/photo-album/vendor/yiisoft/yii2-debug/src/LogTarget.php(202): yii\base\Component->__call('getAbsoluteUrl', Array)
#1 /Users/hogin/vue/photo-album/vendor/yiisoft/yii2-debug/src/LogTarget.php(55): yii\debug\LogTarget->collectSummary()
#2 /Users/hogin/vue/photo-album/vendor/yiisoft/yii2-debug/src/LogTarget.php(136): yii\debug\LogTarget->export()
#3 /Users/hogin/vue/photo-album/vendor/yiisoft/yii2/log/Dispatcher.php(191): yii\debug\LogTarget->collect(Array, true)
#4 /Users/hogin/vue/photo-album/vendor/yiisoft/yii2/log/Logger.php(177): yii\log\Dispatcher->dispatch(Array, true)
#5 [internal function]: yii\log\Logger->flush(true)
#6 {main}
2020-08-13 06:10:39 [-][-][-][info][application] $_GET = []

$_POST = []

$_FILES = []

$_COOKIE = []

$_SERVER = [
    'NVM_CD_FLAGS' => ''
    'TERM' => 'xterm-256color'
    'SHELL' => '/bin/bash'
    'TMPDIR' => '/var/folders/pg/1wz56c5n3j55qmtqs6yw1jq40000gn/T/'
    'NVM_DIR' => '/Users/hogin/.nvm'
    'USER' => 'hogin'
    'SSH_AUTH_SOCK' => '/private/tmp/com.apple.launchd.qqG7z2fIxv/Listeners'
    '__CF_USER_TEXT_ENCODING' => '0x1F5:0x19:0x34'
    'PATH' => '/usr/local/opt/m4/bin:/Users/hogin/.nvm/versions/node/v10.15.0/bin:/Library/Frameworks/Python.framework/Versions/3.6/bin:/Library/Java/JavaVirtualMachines/jdk-13.0.1.jdk/Contents/Home/bin:/Users/hogin/Library/Python/3.6/bin:/usr/local/sbin:/usr/local/bin:/usr/bin:/bin:/usr/sbin:/sbin:/usr/local/mysql/bin:/usr/local/opt/mysql@5.6/bin'
    'PWD' => '/Users/hogin/vue/photo-album'
    'JAVA_HOME' => '/Library/Java/JavaVirtualMachines/jdk-13.0.1.jdk/Contents/Home'
    'XPC_FLAGS' => '0x0'
    'XPC_SERVICE_NAME' => '0'
    'SHLVL' => '1'
    'HOME' => '/Users/hogin'
    'LOGNAME' => 'hogin'
    'LC_CTYPE' => 'zh_CN.UTF-8'
    'NVM_BIN' => '/Users/hogin/.nvm/versions/node/v10.15.0/bin'
    '_' => './yii'
    'PHP_SELF' => './yii'
    'SCRIPT_NAME' => './yii'
    'SCRIPT_FILENAME' => './yii'
    'PATH_TRANSLATED' => './yii'
    'DOCUMENT_ROOT' => ''
    'REQUEST_TIME_FLOAT' => 1597299039.2084
    'REQUEST_TIME' => 1597299039
    'argv' => [
        0 => './yii'
    ]
    'argc' => 1
]
2020-08-13 06:10:39 [-][-][-][warning][yii\log\Dispatcher::dispatch] Unable to send log via yii\debug\LogTarget: Exception 'yii\base\UnknownMethodException' with message 'Calling unknown method: yii\console\Request::getAbsoluteUrl()' 

in /Users/hogin/vue/photo-album/vendor/yiisoft/yii2/base/Component.php:300

Stack trace:
#0 /Users/hogin/vue/photo-album/vendor/yiisoft/yii2-debug/src/LogTarget.php(202): yii\base\Component->__call('getAbsoluteUrl', Array)
#1 /Users/hogin/vue/photo-album/vendor/yiisoft/yii2-debug/src/LogTarget.php(55): yii\debug\LogTarget->collectSummary()
#2 /Users/hogin/vue/photo-album/vendor/yiisoft/yii2-debug/src/LogTarget.php(136): yii\debug\LogTarget->export()
#3 /Users/hogin/vue/photo-album/vendor/yiisoft/yii2/log/Dispatcher.php(191): yii\debug\LogTarget->collect(Array, true)
#4 /Users/hogin/vue/photo-album/vendor/yiisoft/yii2/log/Logger.php(177): yii\log\Dispatcher->dispatch(Array, true)
#5 [internal function]: yii\log\Logger->flush(true)
#6 {main}
2020-08-13 06:10:39 [-][-][-][info][application] $_GET = []

$_POST = []

$_FILES = []

$_COOKIE = []

$_SERVER = [
    'NVM_CD_FLAGS' => ''
    'TERM' => 'xterm-256color'
    'SHELL' => '/bin/bash'
    'TMPDIR' => '/var/folders/pg/1wz56c5n3j55qmtqs6yw1jq40000gn/T/'
    'NVM_DIR' => '/Users/hogin/.nvm'
    'USER' => 'hogin'
    'SSH_AUTH_SOCK' => '/private/tmp/com.apple.launchd.qqG7z2fIxv/Listeners'
    '__CF_USER_TEXT_ENCODING' => '0x1F5:0x19:0x34'
    'PATH' => '/usr/local/opt/m4/bin:/Users/hogin/.nvm/versions/node/v10.15.0/bin:/Library/Frameworks/Python.framework/Versions/3.6/bin:/Library/Java/JavaVirtualMachines/jdk-13.0.1.jdk/Contents/Home/bin:/Users/hogin/Library/Python/3.6/bin:/usr/local/sbin:/usr/local/bin:/usr/bin:/bin:/usr/sbin:/sbin:/usr/local/mysql/bin:/usr/local/opt/mysql@5.6/bin'
    'PWD' => '/Users/hogin/vue/photo-album'
    'JAVA_HOME' => '/Library/Java/JavaVirtualMachines/jdk-13.0.1.jdk/Contents/Home'
    'XPC_FLAGS' => '0x0'
    'XPC_SERVICE_NAME' => '0'
    'SHLVL' => '1'
    'HOME' => '/Users/hogin'
    'LOGNAME' => 'hogin'
    'LC_CTYPE' => 'zh_CN.UTF-8'
    'NVM_BIN' => '/Users/hogin/.nvm/versions/node/v10.15.0/bin'
    '_' => './yii'
    'PHP_SELF' => './yii'
    'SCRIPT_NAME' => './yii'
    'SCRIPT_FILENAME' => './yii'
    'PATH_TRANSLATED' => './yii'
    'DOCUMENT_ROOT' => ''
    'REQUEST_TIME_FLOAT' => 1597299039.2084
    'REQUEST_TIME' => 1597299039
    'argv' => [
        0 => './yii'
    ]
    'argc' => 1
]
2020-08-13 06:10:53 [-][-][-][warning][yii\log\Dispatcher::dispatch] Unable to send log via yii\debug\LogTarget: Exception 'yii\base\UnknownMethodException' with message 'Calling unknown method: yii\console\Request::getAbsoluteUrl()' 

in /Users/hogin/vue/photo-album/vendor/yiisoft/yii2/base/Component.php:300

Stack trace:
#0 /Users/hogin/vue/photo-album/vendor/yiisoft/yii2-debug/src/LogTarget.php(202): yii\base\Component->__call('getAbsoluteUrl', Array)
#1 /Users/hogin/vue/photo-album/vendor/yiisoft/yii2-debug/src/LogTarget.php(55): yii\debug\LogTarget->collectSummary()
#2 /Users/hogin/vue/photo-album/vendor/yiisoft/yii2-debug/src/LogTarget.php(136): yii\debug\LogTarget->export()
#3 /Users/hogin/vue/photo-album/vendor/yiisoft/yii2/log/Dispatcher.php(191): yii\debug\LogTarget->collect(Array, true)
#4 /Users/hogin/vue/photo-album/vendor/yiisoft/yii2/log/Logger.php(177): yii\log\Dispatcher->dispatch(Array, true)
#5 [internal function]: yii\log\Logger->flush(true)
#6 {main}
2020-08-13 06:10:53 [-][-][-][info][application] $_GET = []

$_POST = []

$_FILES = []

$_COOKIE = []

$_SERVER = [
    'NVM_CD_FLAGS' => ''
    'TERM' => 'xterm-256color'
    'SHELL' => '/bin/bash'
    'TMPDIR' => '/var/folders/pg/1wz56c5n3j55qmtqs6yw1jq40000gn/T/'
    'NVM_DIR' => '/Users/hogin/.nvm'
    'USER' => 'hogin'
    'SSH_AUTH_SOCK' => '/private/tmp/com.apple.launchd.qqG7z2fIxv/Listeners'
    '__CF_USER_TEXT_ENCODING' => '0x1F5:0x19:0x34'
    'PATH' => '/usr/local/opt/m4/bin:/Users/hogin/.nvm/versions/node/v10.15.0/bin:/Library/Frameworks/Python.framework/Versions/3.6/bin:/Library/Java/JavaVirtualMachines/jdk-13.0.1.jdk/Contents/Home/bin:/Users/hogin/Library/Python/3.6/bin:/usr/local/sbin:/usr/local/bin:/usr/bin:/bin:/usr/sbin:/sbin:/usr/local/mysql/bin:/usr/local/opt/mysql@5.6/bin'
    'PWD' => '/Users/hogin/vue/photo-album'
    'JAVA_HOME' => '/Library/Java/JavaVirtualMachines/jdk-13.0.1.jdk/Contents/Home'
    'XPC_FLAGS' => '0x0'
    'XPC_SERVICE_NAME' => '0'
    'SHLVL' => '1'
    'HOME' => '/Users/hogin'
    'LOGNAME' => 'hogin'
    'LC_CTYPE' => 'zh_CN.UTF-8'
    'NVM_BIN' => '/Users/hogin/.nvm/versions/node/v10.15.0/bin'
    '_' => './yii'
    'PHP_SELF' => './yii'
    'SCRIPT_NAME' => './yii'
    'SCRIPT_FILENAME' => './yii'
    'PATH_TRANSLATED' => './yii'
    'DOCUMENT_ROOT' => ''
    'REQUEST_TIME_FLOAT' => 1597299053.5037
    'REQUEST_TIME' => 1597299053
    'argv' => [
        0 => './yii'
    ]
    'argc' => 1
]
2020-08-13 06:10:53 [-][-][-][warning][yii\log\Dispatcher::dispatch] Unable to send log via yii\debug\LogTarget: Exception 'yii\base\UnknownMethodException' with message 'Calling unknown method: yii\console\Request::getAbsoluteUrl()' 

in /Users/hogin/vue/photo-album/vendor/yiisoft/yii2/base/Component.php:300

Stack trace:
#0 /Users/hogin/vue/photo-album/vendor/yiisoft/yii2-debug/src/LogTarget.php(202): yii\base\Component->__call('getAbsoluteUrl', Array)
#1 /Users/hogin/vue/photo-album/vendor/yiisoft/yii2-debug/src/LogTarget.php(55): yii\debug\LogTarget->collectSummary()
#2 /Users/hogin/vue/photo-album/vendor/yiisoft/yii2-debug/src/LogTarget.php(136): yii\debug\LogTarget->export()
#3 /Users/hogin/vue/photo-album/vendor/yiisoft/yii2/log/Dispatcher.php(191): yii\debug\LogTarget->collect(Array, true)
#4 /Users/hogin/vue/photo-album/vendor/yiisoft/yii2/log/Logger.php(177): yii\log\Dispatcher->dispatch(Array, true)
#5 [internal function]: yii\log\Logger->flush(true)
#6 {main}
2020-08-13 06:10:53 [-][-][-][info][application] $_GET = []

$_POST = []

$_FILES = []

$_COOKIE = []

$_SERVER = [
    'NVM_CD_FLAGS' => ''
    'TERM' => 'xterm-256color'
    'SHELL' => '/bin/bash'
    'TMPDIR' => '/var/folders/pg/1wz56c5n3j55qmtqs6yw1jq40000gn/T/'
    'NVM_DIR' => '/Users/hogin/.nvm'
    'USER' => 'hogin'
    'SSH_AUTH_SOCK' => '/private/tmp/com.apple.launchd.qqG7z2fIxv/Listeners'
    '__CF_USER_TEXT_ENCODING' => '0x1F5:0x19:0x34'
    'PATH' => '/usr/local/opt/m4/bin:/Users/hogin/.nvm/versions/node/v10.15.0/bin:/Library/Frameworks/Python.framework/Versions/3.6/bin:/Library/Java/JavaVirtualMachines/jdk-13.0.1.jdk/Contents/Home/bin:/Users/hogin/Library/Python/3.6/bin:/usr/local/sbin:/usr/local/bin:/usr/bin:/bin:/usr/sbin:/sbin:/usr/local/mysql/bin:/usr/local/opt/mysql@5.6/bin'
    'PWD' => '/Users/hogin/vue/photo-album'
    'JAVA_HOME' => '/Library/Java/JavaVirtualMachines/jdk-13.0.1.jdk/Contents/Home'
    'XPC_FLAGS' => '0x0'
    'XPC_SERVICE_NAME' => '0'
    'SHLVL' => '1'
    'HOME' => '/Users/hogin'
    'LOGNAME' => 'hogin'
    'LC_CTYPE' => 'zh_CN.UTF-8'
    'NVM_BIN' => '/Users/hogin/.nvm/versions/node/v10.15.0/bin'
    '_' => './yii'
    'PHP_SELF' => './yii'
    'SCRIPT_NAME' => './yii'
    'SCRIPT_FILENAME' => './yii'
    'PATH_TRANSLATED' => './yii'
    'DOCUMENT_ROOT' => ''
    'REQUEST_TIME_FLOAT' => 1597299053.5037
    'REQUEST_TIME' => 1597299053
    'argv' => [
        0 => './yii'
    ]
    'argc' => 1
]
2020-08-13 06:10:59 [-][-][-][error][yii\console\UnknownCommandException] yii\base\InvalidRouteException: Unable to resolve the request "test". in /Users/hogin/vue/photo-album/vendor/yiisoft/yii2/base/Module.php:537
Stack trace:
#0 /Users/hogin/vue/photo-album/vendor/yiisoft/yii2/console/Application.php(180): yii\base\Module->runAction('test', Array)
#1 /Users/hogin/vue/photo-album/vendor/yiisoft/yii2/console/Application.php(147): yii\console\Application->runAction('test', Array)
#2 /Users/hogin/vue/photo-album/vendor/yiisoft/yii2/base/Application.php(386): yii\console\Application->handleRequest(Object(yii\console\Request))
#3 /Users/hogin/vue/photo-album/yii(25): yii\base\Application->run()
#4 {main}

Next yii\console\UnknownCommandException: Unknown command "test". in /Users/hogin/vue/photo-album/vendor/yiisoft/yii2/console/Application.php:183
Stack trace:
#0 /Users/hogin/vue/photo-album/vendor/yiisoft/yii2/console/Application.php(147): yii\console\Application->runAction('test', Array)
#1 /Users/hogin/vue/photo-album/vendor/yiisoft/yii2/base/Application.php(386): yii\console\Application->handleRequest(Object(yii\console\Request))
#2 /Users/hogin/vue/photo-album/yii(25): yii\base\Application->run()
#3 {main}
2020-08-13 06:10:59 [-][-][-][info][application] $_GET = []

$_POST = []

$_FILES = []

$_COOKIE = []

$_SERVER = [
    'NVM_CD_FLAGS' => ''
    'TERM' => 'xterm-256color'
    'SHELL' => '/bin/bash'
    'TMPDIR' => '/var/folders/pg/1wz56c5n3j55qmtqs6yw1jq40000gn/T/'
    'NVM_DIR' => '/Users/hogin/.nvm'
    'USER' => 'hogin'
    'SSH_AUTH_SOCK' => '/private/tmp/com.apple.launchd.qqG7z2fIxv/Listeners'
    '__CF_USER_TEXT_ENCODING' => '0x1F5:0x19:0x34'
    'PATH' => '/usr/local/opt/m4/bin:/Users/hogin/.nvm/versions/node/v10.15.0/bin:/Library/Frameworks/Python.framework/Versions/3.6/bin:/Library/Java/JavaVirtualMachines/jdk-13.0.1.jdk/Contents/Home/bin:/Users/hogin/Library/Python/3.6/bin:/usr/local/sbin:/usr/local/bin:/usr/bin:/bin:/usr/sbin:/sbin:/usr/local/mysql/bin:/usr/local/opt/mysql@5.6/bin'
    'PWD' => '/Users/hogin/vue/photo-album'
    'JAVA_HOME' => '/Library/Java/JavaVirtualMachines/jdk-13.0.1.jdk/Contents/Home'
    'XPC_FLAGS' => '0x0'
    'XPC_SERVICE_NAME' => '0'
    'SHLVL' => '1'
    'HOME' => '/Users/hogin'
    'LOGNAME' => 'hogin'
    'LC_CTYPE' => 'zh_CN.UTF-8'
    'NVM_BIN' => '/Users/hogin/.nvm/versions/node/v10.15.0/bin'
    '_' => './yii'
    'PHP_SELF' => './yii'
    'SCRIPT_NAME' => './yii'
    'SCRIPT_FILENAME' => './yii'
    'PATH_TRANSLATED' => './yii'
    'DOCUMENT_ROOT' => ''
    'REQUEST_TIME_FLOAT' => 1597299059.1696
    'REQUEST_TIME' => 1597299059
    'argv' => [
        0 => './yii'
        1 => 'test'
    ]
    'argc' => 2
]
2020-08-13 06:10:59 [-][-][-][error][yii\console\UnknownCommandException] yii\base\InvalidRouteException: Unable to resolve the request "test". in /Users/hogin/vue/photo-album/vendor/yiisoft/yii2/base/Module.php:537
Stack trace:
#0 /Users/hogin/vue/photo-album/vendor/yiisoft/yii2/console/Application.php(180): yii\base\Module->runAction('test', Array)
#1 /Users/hogin/vue/photo-album/vendor/yiisoft/yii2/console/Application.php(147): yii\console\Application->runAction('test', Array)
#2 /Users/hogin/vue/photo-album/vendor/yiisoft/yii2/base/Application.php(386): yii\console\Application->handleRequest(Object(yii\console\Request))
#3 /Users/hogin/vue/photo-album/yii(25): yii\base\Application->run()
#4 {main}

Next yii\console\UnknownCommandException: Unknown command "test". in /Users/hogin/vue/photo-album/vendor/yiisoft/yii2/console/Application.php:183
Stack trace:
#0 /Users/hogin/vue/photo-album/vendor/yiisoft/yii2/console/Application.php(147): yii\console\Application->runAction('test', Array)
#1 /Users/hogin/vue/photo-album/vendor/yiisoft/yii2/base/Application.php(386): yii\console\Application->handleRequest(Object(yii\console\Request))
#2 /Users/hogin/vue/photo-album/yii(25): yii\base\Application->run()
#3 {main}
2020-08-13 06:10:59 [-][-][-][info][application] $_GET = []

$_POST = []

$_FILES = []

$_COOKIE = []

$_SERVER = [
    'NVM_CD_FLAGS' => ''
    'TERM' => 'xterm-256color'
    'SHELL' => '/bin/bash'
    'TMPDIR' => '/var/folders/pg/1wz56c5n3j55qmtqs6yw1jq40000gn/T/'
    'NVM_DIR' => '/Users/hogin/.nvm'
    'USER' => 'hogin'
    'SSH_AUTH_SOCK' => '/private/tmp/com.apple.launchd.qqG7z2fIxv/Listeners'
    '__CF_USER_TEXT_ENCODING' => '0x1F5:0x19:0x34'
    'PATH' => '/usr/local/opt/m4/bin:/Users/hogin/.nvm/versions/node/v10.15.0/bin:/Library/Frameworks/Python.framework/Versions/3.6/bin:/Library/Java/JavaVirtualMachines/jdk-13.0.1.jdk/Contents/Home/bin:/Users/hogin/Library/Python/3.6/bin:/usr/local/sbin:/usr/local/bin:/usr/bin:/bin:/usr/sbin:/sbin:/usr/local/mysql/bin:/usr/local/opt/mysql@5.6/bin'
    'PWD' => '/Users/hogin/vue/photo-album'
    'JAVA_HOME' => '/Library/Java/JavaVirtualMachines/jdk-13.0.1.jdk/Contents/Home'
    'XPC_FLAGS' => '0x0'
    'XPC_SERVICE_NAME' => '0'
    'SHLVL' => '1'
    'HOME' => '/Users/hogin'
    'LOGNAME' => 'hogin'
    'LC_CTYPE' => 'zh_CN.UTF-8'
    'NVM_BIN' => '/Users/hogin/.nvm/versions/node/v10.15.0/bin'
    '_' => './yii'
    'PHP_SELF' => './yii'
    'SCRIPT_NAME' => './yii'
    'SCRIPT_FILENAME' => './yii'
    'PATH_TRANSLATED' => './yii'
    'DOCUMENT_ROOT' => ''
    'REQUEST_TIME_FLOAT' => 1597299059.1696
    'REQUEST_TIME' => 1597299059
    'argv' => [
        0 => './yii'
        1 => 'test'
    ]
    'argc' => 2
]
2020-08-13 06:10:59 [-][-][-][warning][yii\log\Dispatcher::dispatch] Unable to send log via yii\debug\LogTarget: Exception 'yii\base\UnknownMethodException' with message 'Calling unknown method: yii\console\Request::getAbsoluteUrl()' 

in /Users/hogin/vue/photo-album/vendor/yiisoft/yii2/base/Component.php:300

Stack trace:
#0 /Users/hogin/vue/photo-album/vendor/yiisoft/yii2-debug/src/LogTarget.php(202): yii\base\Component->__call('getAbsoluteUrl', Array)
#1 /Users/hogin/vue/photo-album/vendor/yiisoft/yii2-debug/src/LogTarget.php(55): yii\debug\LogTarget->collectSummary()
#2 /Users/hogin/vue/photo-album/vendor/yiisoft/yii2-debug/src/LogTarget.php(136): yii\debug\LogTarget->export()
#3 /Users/hogin/vue/photo-album/vendor/yiisoft/yii2/log/Dispatcher.php(191): yii\debug\LogTarget->collect(Array, true)
#4 /Users/hogin/vue/photo-album/vendor/yiisoft/yii2/log/Logger.php(177): yii\log\Dispatcher->dispatch(Array, true)
#5 /Users/hogin/vue/photo-album/vendor/yiisoft/yii2/base/ErrorHandler.php(137): yii\log\Logger->flush(true)
#6 [internal function]: yii\base\ErrorHandler->handleException(Object(yii\console\UnknownCommandException))
#7 {main}
2020-08-13 06:10:59 [-][-][-][info][application] $_GET = []

$_POST = []

$_FILES = []

$_COOKIE = []

$_SERVER = [
    'NVM_CD_FLAGS' => ''
    'TERM' => 'xterm-256color'
    'SHELL' => '/bin/bash'
    'TMPDIR' => '/var/folders/pg/1wz56c5n3j55qmtqs6yw1jq40000gn/T/'
    'NVM_DIR' => '/Users/hogin/.nvm'
    'USER' => 'hogin'
    'SSH_AUTH_SOCK' => '/private/tmp/com.apple.launchd.qqG7z2fIxv/Listeners'
    '__CF_USER_TEXT_ENCODING' => '0x1F5:0x19:0x34'
    'PATH' => '/usr/local/opt/m4/bin:/Users/hogin/.nvm/versions/node/v10.15.0/bin:/Library/Frameworks/Python.framework/Versions/3.6/bin:/Library/Java/JavaVirtualMachines/jdk-13.0.1.jdk/Contents/Home/bin:/Users/hogin/Library/Python/3.6/bin:/usr/local/sbin:/usr/local/bin:/usr/bin:/bin:/usr/sbin:/sbin:/usr/local/mysql/bin:/usr/local/opt/mysql@5.6/bin'
    'PWD' => '/Users/hogin/vue/photo-album'
    'JAVA_HOME' => '/Library/Java/JavaVirtualMachines/jdk-13.0.1.jdk/Contents/Home'
    'XPC_FLAGS' => '0x0'
    'XPC_SERVICE_NAME' => '0'
    'SHLVL' => '1'
    'HOME' => '/Users/hogin'
    'LOGNAME' => 'hogin'
    'LC_CTYPE' => 'zh_CN.UTF-8'
    'NVM_BIN' => '/Users/hogin/.nvm/versions/node/v10.15.0/bin'
    '_' => './yii'
    'PHP_SELF' => './yii'
    'SCRIPT_NAME' => './yii'
    'SCRIPT_FILENAME' => './yii'
    'PATH_TRANSLATED' => './yii'
    'DOCUMENT_ROOT' => ''
    'REQUEST_TIME_FLOAT' => 1597299059.1696
    'REQUEST_TIME' => 1597299059
    'argv' => [
        0 => './yii'
        1 => 'test'
    ]
    'argc' => 2
]
2020-08-13 06:10:59 [-][-][-][warning][yii\log\Dispatcher::dispatch] Unable to send log via yii\debug\LogTarget: Exception 'yii\base\UnknownMethodException' with message 'Calling unknown method: yii\console\Request::getAbsoluteUrl()' 

in /Users/hogin/vue/photo-album/vendor/yiisoft/yii2/base/Component.php:300

Stack trace:
#0 /Users/hogin/vue/photo-album/vendor/yiisoft/yii2-debug/src/LogTarget.php(202): yii\base\Component->__call('getAbsoluteUrl', Array)
#1 /Users/hogin/vue/photo-album/vendor/yiisoft/yii2-debug/src/LogTarget.php(55): yii\debug\LogTarget->collectSummary()
#2 /Users/hogin/vue/photo-album/vendor/yiisoft/yii2-debug/src/LogTarget.php(136): yii\debug\LogTarget->export()
#3 /Users/hogin/vue/photo-album/vendor/yiisoft/yii2/log/Dispatcher.php(191): yii\debug\LogTarget->collect(Array, true)
#4 /Users/hogin/vue/photo-album/vendor/yiisoft/yii2/log/Logger.php(177): yii\log\Dispatcher->dispatch(Array, true)
#5 /Users/hogin/vue/photo-album/vendor/yiisoft/yii2/base/ErrorHandler.php(137): yii\log\Logger->flush(true)
#6 [internal function]: yii\base\ErrorHandler->handleException(Object(yii\console\UnknownCommandException))
#7 {main}
2020-08-13 06:10:59 [-][-][-][info][application] $_GET = []

$_POST = []

$_FILES = []

$_COOKIE = []

$_SERVER = [
    'NVM_CD_FLAGS' => ''
    'TERM' => 'xterm-256color'
    'SHELL' => '/bin/bash'
    'TMPDIR' => '/var/folders/pg/1wz56c5n3j55qmtqs6yw1jq40000gn/T/'
    'NVM_DIR' => '/Users/hogin/.nvm'
    'USER' => 'hogin'
    'SSH_AUTH_SOCK' => '/private/tmp/com.apple.launchd.qqG7z2fIxv/Listeners'
    '__CF_USER_TEXT_ENCODING' => '0x1F5:0x19:0x34'
    'PATH' => '/usr/local/opt/m4/bin:/Users/hogin/.nvm/versions/node/v10.15.0/bin:/Library/Frameworks/Python.framework/Versions/3.6/bin:/Library/Java/JavaVirtualMachines/jdk-13.0.1.jdk/Contents/Home/bin:/Users/hogin/Library/Python/3.6/bin:/usr/local/sbin:/usr/local/bin:/usr/bin:/bin:/usr/sbin:/sbin:/usr/local/mysql/bin:/usr/local/opt/mysql@5.6/bin'
    'PWD' => '/Users/hogin/vue/photo-album'
    'JAVA_HOME' => '/Library/Java/JavaVirtualMachines/jdk-13.0.1.jdk/Contents/Home'
    'XPC_FLAGS' => '0x0'
    'XPC_SERVICE_NAME' => '0'
    'SHLVL' => '1'
    'HOME' => '/Users/hogin'
    'LOGNAME' => 'hogin'
    'LC_CTYPE' => 'zh_CN.UTF-8'
    'NVM_BIN' => '/Users/hogin/.nvm/versions/node/v10.15.0/bin'
    '_' => './yii'
    'PHP_SELF' => './yii'
    'SCRIPT_NAME' => './yii'
    'SCRIPT_FILENAME' => './yii'
    'PATH_TRANSLATED' => './yii'
    'DOCUMENT_ROOT' => ''
    'REQUEST_TIME_FLOAT' => 1597299059.1696
    'REQUEST_TIME' => 1597299059
    'argv' => [
        0 => './yii'
        1 => 'test'
    ]
    'argc' => 2
]
2020-08-13 06:45:27 [-][-][-][warning][yii\log\Dispatcher::dispatch] Unable to send log via yii\debug\LogTarget: Exception 'yii\base\UnknownMethodException' with message 'Calling unknown method: yii\console\Request::getAbsoluteUrl()' 

in /Users/hogin/vue/photo-album/vendor/yiisoft/yii2/base/Component.php:300

Stack trace:
#0 /Users/hogin/vue/photo-album/vendor/yiisoft/yii2-debug/src/LogTarget.php(202): yii\base\Component->__call('getAbsoluteUrl', Array)
#1 /Users/hogin/vue/photo-album/vendor/yiisoft/yii2-debug/src/LogTarget.php(55): yii\debug\LogTarget->collectSummary()
#2 /Users/hogin/vue/photo-album/vendor/yiisoft/yii2-debug/src/LogTarget.php(136): yii\debug\LogTarget->export()
#3 /Users/hogin/vue/photo-album/vendor/yiisoft/yii2/log/Dispatcher.php(191): yii\debug\LogTarget->collect(Array, true)
#4 /Users/hogin/vue/photo-album/vendor/yiisoft/yii2/log/Logger.php(177): yii\log\Dispatcher->dispatch(Array, true)
#5 [internal function]: yii\log\Logger->flush(true)
#6 {main}
2020-08-13 06:45:25 [-][-][-][info][application] $_GET = []

$_POST = []

$_FILES = []

$_COOKIE = []

$_SERVER = [
    'NVM_CD_FLAGS' => ''
    'TERM' => 'xterm-256color'
    'SHELL' => '/bin/bash'
    'TMPDIR' => '/var/folders/pg/1wz56c5n3j55qmtqs6yw1jq40000gn/T/'
    'NVM_DIR' => '/Users/hogin/.nvm'
    'USER' => 'hogin'
    'SSH_AUTH_SOCK' => '/private/tmp/com.apple.launchd.qqG7z2fIxv/Listeners'
    '__CF_USER_TEXT_ENCODING' => '0x1F5:0x19:0x34'
    'PATH' => '/usr/local/opt/m4/bin:/Users/hogin/.nvm/versions/node/v10.15.0/bin:/Library/Frameworks/Python.framework/Versions/3.6/bin:/Library/Java/JavaVirtualMachines/jdk-13.0.1.jdk/Contents/Home/bin:/Users/hogin/Library/Python/3.6/bin:/usr/local/sbin:/usr/local/bin:/usr/bin:/bin:/usr/sbin:/sbin:/usr/local/mysql/bin:/usr/local/opt/mysql@5.6/bin'
    'PWD' => '/Users/hogin/vue/photo-album'
    'JAVA_HOME' => '/Library/Java/JavaVirtualMachines/jdk-13.0.1.jdk/Contents/Home'
    'XPC_FLAGS' => '0x0'
    'XPC_SERVICE_NAME' => '0'
    'SHLVL' => '1'
    'HOME' => '/Users/hogin'
    'LOGNAME' => 'hogin'
    'LC_CTYPE' => 'zh_CN.UTF-8'
    'NVM_BIN' => '/Users/hogin/.nvm/versions/node/v10.15.0/bin'
    '_' => './yii'
    'PHP_SELF' => './yii'
    'SCRIPT_NAME' => './yii'
    'SCRIPT_FILENAME' => './yii'
    'PATH_TRANSLATED' => './yii'
    'DOCUMENT_ROOT' => ''
    'REQUEST_TIME_FLOAT' => 1597301125.8015
    'REQUEST_TIME' => 1597301125
    'argv' => [
        0 => './yii'
        1 => 'migrate/down'
    ]
    'argc' => 2
]
2020-08-13 06:45:27 [-][-][-][warning][yii\log\Dispatcher::dispatch] Unable to send log via yii\debug\LogTarget: Exception 'yii\base\UnknownMethodException' with message 'Calling unknown method: yii\console\Request::getAbsoluteUrl()' 

in /Users/hogin/vue/photo-album/vendor/yiisoft/yii2/base/Component.php:300

Stack trace:
#0 /Users/hogin/vue/photo-album/vendor/yiisoft/yii2-debug/src/LogTarget.php(202): yii\base\Component->__call('getAbsoluteUrl', Array)
#1 /Users/hogin/vue/photo-album/vendor/yiisoft/yii2-debug/src/LogTarget.php(55): yii\debug\LogTarget->collectSummary()
#2 /Users/hogin/vue/photo-album/vendor/yiisoft/yii2-debug/src/LogTarget.php(136): yii\debug\LogTarget->export()
#3 /Users/hogin/vue/photo-album/vendor/yiisoft/yii2/log/Dispatcher.php(191): yii\debug\LogTarget->collect(Array, true)
#4 /Users/hogin/vue/photo-album/vendor/yiisoft/yii2/log/Logger.php(177): yii\log\Dispatcher->dispatch(Array, true)
#5 [internal function]: yii\log\Logger->flush(true)
#6 {main}
2020-08-13 06:45:25 [-][-][-][info][application] $_GET = []

$_POST = []

$_FILES = []

$_COOKIE = []

$_SERVER = [
    'NVM_CD_FLAGS' => ''
    'TERM' => 'xterm-256color'
    'SHELL' => '/bin/bash'
    'TMPDIR' => '/var/folders/pg/1wz56c5n3j55qmtqs6yw1jq40000gn/T/'
    'NVM_DIR' => '/Users/hogin/.nvm'
    'USER' => 'hogin'
    'SSH_AUTH_SOCK' => '/private/tmp/com.apple.launchd.qqG7z2fIxv/Listeners'
    '__CF_USER_TEXT_ENCODING' => '0x1F5:0x19:0x34'
    'PATH' => '/usr/local/opt/m4/bin:/Users/hogin/.nvm/versions/node/v10.15.0/bin:/Library/Frameworks/Python.framework/Versions/3.6/bin:/Library/Java/JavaVirtualMachines/jdk-13.0.1.jdk/Contents/Home/bin:/Users/hogin/Library/Python/3.6/bin:/usr/local/sbin:/usr/local/bin:/usr/bin:/bin:/usr/sbin:/sbin:/usr/local/mysql/bin:/usr/local/opt/mysql@5.6/bin'
    'PWD' => '/Users/hogin/vue/photo-album'
    'JAVA_HOME' => '/Library/Java/JavaVirtualMachines/jdk-13.0.1.jdk/Contents/Home'
    'XPC_FLAGS' => '0x0'
    'XPC_SERVICE_NAME' => '0'
    'SHLVL' => '1'
    'HOME' => '/Users/hogin'
    'LOGNAME' => 'hogin'
    'LC_CTYPE' => 'zh_CN.UTF-8'
    'NVM_BIN' => '/Users/hogin/.nvm/versions/node/v10.15.0/bin'
    '_' => './yii'
    'PHP_SELF' => './yii'
    'SCRIPT_NAME' => './yii'
    'SCRIPT_FILENAME' => './yii'
    'PATH_TRANSLATED' => './yii'
    'DOCUMENT_ROOT' => ''
    'REQUEST_TIME_FLOAT' => 1597301125.8015
    'REQUEST_TIME' => 1597301125
    'argv' => [
        0 => './yii'
        1 => 'migrate/down'
    ]
    'argc' => 2
]
2020-08-13 06:45:31 [-][-][-][warning][yii\log\Dispatcher::dispatch] Unable to send log via yii\debug\LogTarget: Exception 'yii\base\UnknownMethodException' with message 'Calling unknown method: yii\console\Request::getAbsoluteUrl()' 

in /Users/hogin/vue/photo-album/vendor/yiisoft/yii2/base/Component.php:300

Stack trace:
#0 /Users/hogin/vue/photo-album/vendor/yiisoft/yii2-debug/src/LogTarget.php(202): yii\base\Component->__call('getAbsoluteUrl', Array)
#1 /Users/hogin/vue/photo-album/vendor/yiisoft/yii2-debug/src/LogTarget.php(55): yii\debug\LogTarget->collectSummary()
#2 /Users/hogin/vue/photo-album/vendor/yiisoft/yii2-debug/src/LogTarget.php(136): yii\debug\LogTarget->export()
#3 /Users/hogin/vue/photo-album/vendor/yiisoft/yii2/log/Dispatcher.php(191): yii\debug\LogTarget->collect(Array, true)
#4 /Users/hogin/vue/photo-album/vendor/yiisoft/yii2/log/Logger.php(177): yii\log\Dispatcher->dispatch(Array, true)
#5 [internal function]: yii\log\Logger->flush(true)
#6 {main}
2020-08-13 06:45:30 [-][-][-][info][application] $_GET = []

$_POST = []

$_FILES = []

$_COOKIE = []

$_SERVER = [
    'NVM_CD_FLAGS' => ''
    'TERM' => 'xterm-256color'
    'SHELL' => '/bin/bash'
    'TMPDIR' => '/var/folders/pg/1wz56c5n3j55qmtqs6yw1jq40000gn/T/'
    'NVM_DIR' => '/Users/hogin/.nvm'
    'USER' => 'hogin'
    'SSH_AUTH_SOCK' => '/private/tmp/com.apple.launchd.qqG7z2fIxv/Listeners'
    '__CF_USER_TEXT_ENCODING' => '0x1F5:0x19:0x34'
    'PATH' => '/usr/local/opt/m4/bin:/Users/hogin/.nvm/versions/node/v10.15.0/bin:/Library/Frameworks/Python.framework/Versions/3.6/bin:/Library/Java/JavaVirtualMachines/jdk-13.0.1.jdk/Contents/Home/bin:/Users/hogin/Library/Python/3.6/bin:/usr/local/sbin:/usr/local/bin:/usr/bin:/bin:/usr/sbin:/sbin:/usr/local/mysql/bin:/usr/local/opt/mysql@5.6/bin'
    'PWD' => '/Users/hogin/vue/photo-album'
    'JAVA_HOME' => '/Library/Java/JavaVirtualMachines/jdk-13.0.1.jdk/Contents/Home'
    'XPC_FLAGS' => '0x0'
    'XPC_SERVICE_NAME' => '0'
    'SHLVL' => '1'
    'HOME' => '/Users/hogin'
    'LOGNAME' => 'hogin'
    'LC_CTYPE' => 'zh_CN.UTF-8'
    'NVM_BIN' => '/Users/hogin/.nvm/versions/node/v10.15.0/bin'
    '_' => './yii'
    'PHP_SELF' => './yii'
    'SCRIPT_NAME' => './yii'
    'SCRIPT_FILENAME' => './yii'
    'PATH_TRANSLATED' => './yii'
    'DOCUMENT_ROOT' => ''
    'REQUEST_TIME_FLOAT' => 1597301130.7118
    'REQUEST_TIME' => 1597301130
    'argv' => [
        0 => './yii'
        1 => 'migrate'
    ]
    'argc' => 2
]
2020-08-13 06:45:31 [-][-][-][warning][yii\log\Dispatcher::dispatch] Unable to send log via yii\debug\LogTarget: Exception 'yii\base\UnknownMethodException' with message 'Calling unknown method: yii\console\Request::getAbsoluteUrl()' 

in /Users/hogin/vue/photo-album/vendor/yiisoft/yii2/base/Component.php:300

Stack trace:
#0 /Users/hogin/vue/photo-album/vendor/yiisoft/yii2-debug/src/LogTarget.php(202): yii\base\Component->__call('getAbsoluteUrl', Array)
#1 /Users/hogin/vue/photo-album/vendor/yiisoft/yii2-debug/src/LogTarget.php(55): yii\debug\LogTarget->collectSummary()
#2 /Users/hogin/vue/photo-album/vendor/yiisoft/yii2-debug/src/LogTarget.php(136): yii\debug\LogTarget->export()
#3 /Users/hogin/vue/photo-album/vendor/yiisoft/yii2/log/Dispatcher.php(191): yii\debug\LogTarget->collect(Array, true)
#4 /Users/hogin/vue/photo-album/vendor/yiisoft/yii2/log/Logger.php(177): yii\log\Dispatcher->dispatch(Array, true)
#5 [internal function]: yii\log\Logger->flush(true)
#6 {main}
2020-08-13 06:45:30 [-][-][-][info][application] $_GET = []

$_POST = []

$_FILES = []

$_COOKIE = []

$_SERVER = [
    'NVM_CD_FLAGS' => ''
    'TERM' => 'xterm-256color'
    'SHELL' => '/bin/bash'
    'TMPDIR' => '/var/folders/pg/1wz56c5n3j55qmtqs6yw1jq40000gn/T/'
    'NVM_DIR' => '/Users/hogin/.nvm'
    'USER' => 'hogin'
    'SSH_AUTH_SOCK' => '/private/tmp/com.apple.launchd.qqG7z2fIxv/Listeners'
    '__CF_USER_TEXT_ENCODING' => '0x1F5:0x19:0x34'
    'PATH' => '/usr/local/opt/m4/bin:/Users/hogin/.nvm/versions/node/v10.15.0/bin:/Library/Frameworks/Python.framework/Versions/3.6/bin:/Library/Java/JavaVirtualMachines/jdk-13.0.1.jdk/Contents/Home/bin:/Users/hogin/Library/Python/3.6/bin:/usr/local/sbin:/usr/local/bin:/usr/bin:/bin:/usr/sbin:/sbin:/usr/local/mysql/bin:/usr/local/opt/mysql@5.6/bin'
    'PWD' => '/Users/hogin/vue/photo-album'
    'JAVA_HOME' => '/Library/Java/JavaVirtualMachines/jdk-13.0.1.jdk/Contents/Home'
    'XPC_FLAGS' => '0x0'
    'XPC_SERVICE_NAME' => '0'
    'SHLVL' => '1'
    'HOME' => '/Users/hogin'
    'LOGNAME' => 'hogin'
    'LC_CTYPE' => 'zh_CN.UTF-8'
    'NVM_BIN' => '/Users/hogin/.nvm/versions/node/v10.15.0/bin'
    '_' => './yii'
    'PHP_SELF' => './yii'
    'SCRIPT_NAME' => './yii'
    'SCRIPT_FILENAME' => './yii'
    'PATH_TRANSLATED' => './yii'
    'DOCUMENT_ROOT' => ''
    'REQUEST_TIME_FLOAT' => 1597301130.7118
    'REQUEST_TIME' => 1597301130
    'argv' => [
        0 => './yii'
        1 => 'migrate'
    ]
    'argc' => 2
]
